This is pdfTeX, Version 3.14159265-2.6-1.40.19 (TeX Live 2018/Arch Linux) (preloaded format=pdflatex 2019.4.21)  24 APR 2019 13:12
entering extended mode
 restricted \write18 enabled.
 %&-line parsing enabled.
**presentacion-tesis.tex
(./presentacion-tesis.tex
LaTeX2e <2018-12-01>
(/usr/share/texmf-dist/tex/latex/beamer/beamer.cls
Document Class: beamer 2018/12/02 v3.55 A class for typesetting presentations
(/usr/share/texmf-dist/tex/latex/beamer/beamerbasemodes.sty
(/usr/share/texmf-dist/tex/latex/etoolbox/etoolbox.sty
Package: etoolbox 2018/08/19 v2.5f e-TeX tools for LaTeX (JAW)
\etb@tempcnta=\count80
)
\beamer@tempbox=\box27
\beamer@tempcount=\count81
\c@beamerpauses=\count82

(/usr/share/texmf-dist/tex/latex/beamer/beamerbasedecode.sty
\beamer@slideinframe=\count83
\beamer@minimum=\count84
)
\beamer@commentbox=\box28
\beamer@modecount=\count85
)
(/usr/share/texmf-dist/tex/generic/oberdiek/ifpdf.sty
Package: ifpdf 2018/09/07 v3.3 Provides the ifpdf switch
)
\headdp=\dimen102
\footheight=\dimen103
\sidebarheight=\dimen104
\beamer@tempdim=\dimen105
\beamer@finalheight=\dimen106
\beamer@animht=\dimen107
\beamer@animdp=\dimen108
\beamer@animwd=\dimen109
\beamer@leftmargin=\dimen110
\beamer@rightmargin=\dimen111
\beamer@leftsidebar=\dimen112
\beamer@rightsidebar=\dimen113
\beamer@boxsize=\dimen114
\beamer@vboxoffset=\dimen115
\beamer@descdefault=\dimen116
\beamer@descriptionwidth=\dimen117
\beamer@lastskip=\skip41
\beamer@areabox=\box29
\beamer@animcurrent=\box30
\beamer@animshowbox=\box31
\beamer@sectionbox=\box32
\beamer@logobox=\box33
\beamer@linebox=\box34
\beamer@sectioncount=\count86
\beamer@subsubsectionmax=\count87
\beamer@subsectionmax=\count88
\beamer@sectionmax=\count89
\beamer@totalheads=\count90
\beamer@headcounter=\count91
\beamer@partstartpage=\count92
\beamer@sectionstartpage=\count93
\beamer@subsectionstartpage=\count94
\beamer@animationtempa=\count95
\beamer@animationtempb=\count96
\beamer@xpos=\count97
\beamer@ypos=\count98
\beamer@ypos@offset=\count99
\beamer@showpartnumber=\count100
\beamer@currentsubsection=\count101
\beamer@coveringdepth=\count102
\beamer@sectionadjust=\count103
\beamer@tocsectionnumber=\count104

(/usr/share/texmf-dist/tex/latex/beamer/beamerbaseoptions.sty
(/usr/share/texmf-dist/tex/latex/graphics/keyval.sty
Package: keyval 2014/10/28 v1.15 key=value parser (DPC)
\KV@toks@=\toks14
))
\beamer@paperwidth=\skip42
\beamer@paperheight=\skip43

(/usr/share/texmf-dist/tex/latex/geometry/geometry.sty
Package: geometry 2018/04/16 v5.8 Page Geometry

(/usr/share/texmf-dist/tex/generic/oberdiek/ifvtex.sty
Package: ifvtex 2016/05/16 v1.6 Detect VTeX and its facilities (HO)
Package ifvtex Info: VTeX not detected.
)
(/usr/share/texmf-dist/tex/generic/ifxetex/ifxetex.sty
Package: ifxetex 2010/09/12 v0.6 Provides ifxetex conditional
)
\Gm@cnth=\count105
\Gm@cntv=\count106
\c@Gm@tempcnt=\count107
\Gm@bindingoffset=\dimen118
\Gm@wd@mp=\dimen119
\Gm@odd@mp=\dimen120
\Gm@even@mp=\dimen121
\Gm@layoutwidth=\dimen122
\Gm@layoutheight=\dimen123
\Gm@layouthoffset=\dimen124
\Gm@layoutvoffset=\dimen125
\Gm@dimlist=\toks15
)
(/usr/share/texmf-dist/tex/latex/base/size11.clo
File: size11.clo 2018/09/03 v1.4i Standard LaTeX file (size option)
)
(/usr/share/texmf-dist/tex/latex/pgf/basiclayer/pgfcore.sty
(/usr/share/texmf-dist/tex/latex/graphics/graphicx.sty
Package: graphicx 2017/06/01 v1.1a Enhanced LaTeX Graphics (DPC,SPQR)

(/usr/share/texmf-dist/tex/latex/graphics/graphics.sty
Package: graphics 2017/06/25 v1.2c Standard LaTeX Graphics (DPC,SPQR)

(/usr/share/texmf-dist/tex/latex/graphics/trig.sty
Package: trig 2016/01/03 v1.10 sin cos tan (DPC)
)
(/usr/share/texmf-dist/tex/latex/graphics-cfg/graphics.cfg
File: graphics.cfg 2016/06/04 v1.11 sample graphics configuration
)
Package graphics Info: Driver file: pdftex.def on input line 99.

(/usr/share/texmf-dist/tex/latex/graphics-def/pdftex.def
File: pdftex.def 2018/01/08 v1.0l Graphics/color driver for pdftex
))
\Gin@req@height=\dimen126
\Gin@req@width=\dimen127
)
(/usr/share/texmf-dist/tex/latex/pgf/systemlayer/pgfsys.sty
(/usr/share/texmf-dist/tex/latex/pgf/utilities/pgfrcs.sty
(/usr/share/texmf-dist/tex/generic/pgf/utilities/pgfutil-common.tex
\pgfutil@everybye=\toks16
\pgfutil@tempdima=\dimen128
\pgfutil@tempdimb=\dimen129

(/usr/share/texmf-dist/tex/generic/pgf/utilities/pgfutil-common-lists.tex))
(/usr/share/texmf-dist/tex/generic/pgf/utilities/pgfutil-latex.def
\pgfutil@abb=\box35

(/usr/share/texmf-dist/tex/latex/ms/everyshi.sty
Package: everyshi 2001/05/15 v3.00 EveryShipout Package (MS)
))
(/usr/share/texmf-dist/tex/generic/pgf/utilities/pgfrcs.code.tex
(/usr/share/texmf-dist/tex/generic/pgf/pgf.revision.tex)
Package: pgfrcs 2019/02/02 v3.1.1 (3.1.1)
))
(/usr/share/texmf-dist/tex/generic/pgf/systemlayer/pgfsys.code.tex
Package: pgfsys 2019/02/02 v3.1.1 (3.1.1)

(/usr/share/texmf-dist/tex/generic/pgf/utilities/pgfkeys.code.tex
\pgfkeys@pathtoks=\toks17
\pgfkeys@temptoks=\toks18

(/usr/share/texmf-dist/tex/generic/pgf/utilities/pgfkeysfiltered.code.tex
\pgfkeys@tmptoks=\toks19
))
\pgf@x=\dimen130
\pgf@y=\dimen131
\pgf@xa=\dimen132
\pgf@ya=\dimen133
\pgf@xb=\dimen134
\pgf@yb=\dimen135
\pgf@xc=\dimen136
\pgf@yc=\dimen137
\w@pgf@writea=\write3
\r@pgf@reada=\read1
\c@pgf@counta=\count108
\c@pgf@countb=\count109
\c@pgf@countc=\count110
\c@pgf@countd=\count111
\t@pgf@toka=\toks20
\t@pgf@tokb=\toks21
\t@pgf@tokc=\toks22
\pgf@sys@id@count=\count112

(/usr/share/texmf-dist/tex/generic/pgf/systemlayer/pgf.cfg
File: pgf.cfg 2019/02/02 v3.1.1 (3.1.1)
)
Driver file for pgf: pgfsys-pdftex.def

(/usr/share/texmf-dist/tex/generic/pgf/systemlayer/pgfsys-pdftex.def
File: pgfsys-pdftex.def 2019/02/02 v3.1.1 (3.1.1)

(/usr/share/texmf-dist/tex/generic/pgf/systemlayer/pgfsys-common-pdf.def
File: pgfsys-common-pdf.def 2019/02/02 v3.1.1 (3.1.1)
)))
(/usr/share/texmf-dist/tex/generic/pgf/systemlayer/pgfsyssoftpath.code.tex
File: pgfsyssoftpath.code.tex 2019/02/02 v3.1.1 (3.1.1)
\pgfsyssoftpath@smallbuffer@items=\count113
\pgfsyssoftpath@bigbuffer@items=\count114
)
(/usr/share/texmf-dist/tex/generic/pgf/systemlayer/pgfsysprotocol.code.tex
File: pgfsysprotocol.code.tex 2019/02/02 v3.1.1 (3.1.1)
))
(/usr/share/texmf-dist/tex/latex/xcolor/xcolor.sty
Package: xcolor 2016/05/11 v2.12 LaTeX color extensions (UK)

(/usr/share/texmf-dist/tex/latex/graphics-cfg/color.cfg
File: color.cfg 2016/01/02 v1.6 sample color configuration
)
Package xcolor Info: Driver file: pdftex.def on input line 225.
Package xcolor Info: Model `cmy' substituted by `cmy0' on input line 1348.
Package xcolor Info: Model `hsb' substituted by `rgb' on input line 1352.
Package xcolor Info: Model `RGB' extended on input line 1364.
Package xcolor Info: Model `HTML' substituted by `rgb' on input line 1366.
Package xcolor Info: Model `Hsb' substituted by `hsb' on input line 1367.
Package xcolor Info: Model `tHsb' substituted by `hsb' on input line 1368.
Package xcolor Info: Model `HSB' substituted by `hsb' on input line 1369.
Package xcolor Info: Model `Gray' substituted by `gray' on input line 1370.
Package xcolor Info: Model `wave' substituted by `hsb' on input line 1371.
)
(/usr/share/texmf-dist/tex/generic/pgf/basiclayer/pgfcore.code.tex
Package: pgfcore 2019/02/02 v3.1.1 (3.1.1)

(/usr/share/texmf-dist/tex/generic/pgf/math/pgfmath.code.tex
(/usr/share/texmf-dist/tex/generic/pgf/math/pgfmathcalc.code.tex
(/usr/share/texmf-dist/tex/generic/pgf/math/pgfmathutil.code.tex)
(/usr/share/texmf-dist/tex/generic/pgf/math/pgfmathparser.code.tex
\pgfmath@dimen=\dimen138
\pgfmath@count=\count115
\pgfmath@box=\box36
\pgfmath@toks=\toks23
\pgfmath@stack@operand=\toks24
\pgfmath@stack@operation=\toks25
)
(/usr/share/texmf-dist/tex/generic/pgf/math/pgfmathfunctions.code.tex
(/usr/share/texmf-dist/tex/generic/pgf/math/pgfmathfunctions.basic.code.tex)
(/usr/share/texmf-dist/tex/generic/pgf/math/pgfmathfunctions.trigonometric.code
.tex)
(/usr/share/texmf-dist/tex/generic/pgf/math/pgfmathfunctions.random.code.tex)
(/usr/share/texmf-dist/tex/generic/pgf/math/pgfmathfunctions.comparison.code.te
x) (/usr/share/texmf-dist/tex/generic/pgf/math/pgfmathfunctions.base.code.tex)
(/usr/share/texmf-dist/tex/generic/pgf/math/pgfmathfunctions.round.code.tex)
(/usr/share/texmf-dist/tex/generic/pgf/math/pgfmathfunctions.misc.code.tex)
(/usr/share/texmf-dist/tex/generic/pgf/math/pgfmathfunctions.integerarithmetics
.code.tex))) (/usr/share/texmf-dist/tex/generic/pgf/math/pgfmathfloat.code.tex
\c@pgfmathroundto@lastzeros=\count116
)) (/usr/share/texmf-dist/tex/generic/pgf/basiclayer/pgfcorepoints.code.tex
File: pgfcorepoints.code.tex 2019/02/02 v3.1.1 (3.1.1)
\pgf@picminx=\dimen139
\pgf@picmaxx=\dimen140
\pgf@picminy=\dimen141
\pgf@picmaxy=\dimen142
\pgf@pathminx=\dimen143
\pgf@pathmaxx=\dimen144
\pgf@pathminy=\dimen145
\pgf@pathmaxy=\dimen146
\pgf@xx=\dimen147
\pgf@xy=\dimen148
\pgf@yx=\dimen149
\pgf@yy=\dimen150
\pgf@zx=\dimen151
\pgf@zy=\dimen152
)
(/usr/share/texmf-dist/tex/generic/pgf/basiclayer/pgfcorepathconstruct.code.tex
File: pgfcorepathconstruct.code.tex 2019/02/02 v3.1.1 (3.1.1)
\pgf@path@lastx=\dimen153
\pgf@path@lasty=\dimen154
) (/usr/share/texmf-dist/tex/generic/pgf/basiclayer/pgfcorepathusage.code.tex
File: pgfcorepathusage.code.tex 2019/02/02 v3.1.1 (3.1.1)
\pgf@shorten@end@additional=\dimen155
\pgf@shorten@start@additional=\dimen156
)
(/usr/share/texmf-dist/tex/generic/pgf/basiclayer/pgfcorescopes.code.tex
File: pgfcorescopes.code.tex 2019/02/02 v3.1.1 (3.1.1)
\pgfpic=\box37
\pgf@hbox=\box38
\pgf@layerbox@main=\box39
\pgf@picture@serial@count=\count117
)
(/usr/share/texmf-dist/tex/generic/pgf/basiclayer/pgfcoregraphicstate.code.tex
File: pgfcoregraphicstate.code.tex 2019/02/02 v3.1.1 (3.1.1)
\pgflinewidth=\dimen157
)
(/usr/share/texmf-dist/tex/generic/pgf/basiclayer/pgfcoretransformations.code.t
ex
File: pgfcoretransformations.code.tex 2019/02/02 v3.1.1 (3.1.1)
\pgf@pt@x=\dimen158
\pgf@pt@y=\dimen159
\pgf@pt@temp=\dimen160
) (/usr/share/texmf-dist/tex/generic/pgf/basiclayer/pgfcorequick.code.tex
File: pgfcorequick.code.tex 2019/02/02 v3.1.1 (3.1.1)
)
(/usr/share/texmf-dist/tex/generic/pgf/basiclayer/pgfcoreobjects.code.tex
File: pgfcoreobjects.code.tex 2019/02/02 v3.1.1 (3.1.1)
)
(/usr/share/texmf-dist/tex/generic/pgf/basiclayer/pgfcorepathprocessing.code.te
x
File: pgfcorepathprocessing.code.tex 2019/02/02 v3.1.1 (3.1.1)
) (/usr/share/texmf-dist/tex/generic/pgf/basiclayer/pgfcorearrows.code.tex
File: pgfcorearrows.code.tex 2019/02/02 v3.1.1 (3.1.1)
\pgfarrowsep=\dimen161
)
(/usr/share/texmf-dist/tex/generic/pgf/basiclayer/pgfcoreshade.code.tex
File: pgfcoreshade.code.tex 2019/02/02 v3.1.1 (3.1.1)
\pgf@max=\dimen162
\pgf@sys@shading@range@num=\count118
)
(/usr/share/texmf-dist/tex/generic/pgf/basiclayer/pgfcoreimage.code.tex
File: pgfcoreimage.code.tex 2019/02/02 v3.1.1 (3.1.1)

(/usr/share/texmf-dist/tex/generic/pgf/basiclayer/pgfcoreexternal.code.tex
File: pgfcoreexternal.code.tex 2019/02/02 v3.1.1 (3.1.1)
\pgfexternal@startupbox=\box40
))
(/usr/share/texmf-dist/tex/generic/pgf/basiclayer/pgfcorelayers.code.tex
File: pgfcorelayers.code.tex 2019/02/02 v3.1.1 (3.1.1)
)
(/usr/share/texmf-dist/tex/generic/pgf/basiclayer/pgfcoretransparency.code.tex
File: pgfcoretransparency.code.tex 2019/02/02 v3.1.1 (3.1.1)
) (/usr/share/texmf-dist/tex/generic/pgf/basiclayer/pgfcorepatterns.code.tex
File: pgfcorepatterns.code.tex 2019/02/02 v3.1.1 (3.1.1)
)
(/usr/share/texmf-dist/tex/generic/pgf/basiclayer/pgfcorerdf.code.tex
File: pgfcorerdf.code.tex 2019/02/02 v3.1.1 (3.1.1)
)))
(/usr/share/texmf-dist/tex/latex/pgf/utilities/xxcolor.sty
Package: xxcolor 2003/10/24 ver 0.1
\XC@nummixins=\count119
\XC@countmixins=\count120
)
(/usr/share/texmf-dist/tex/generic/oberdiek/atbegshi.sty
Package: atbegshi 2016/06/09 v1.18 At begin shipout hook (HO)

(/usr/share/texmf-dist/tex/generic/oberdiek/infwarerr.sty
Package: infwarerr 2016/05/16 v1.4 Providing info/warning/error messages (HO)
)
(/usr/share/texmf-dist/tex/generic/oberdiek/ltxcmds.sty
Package: ltxcmds 2016/05/16 v1.23 LaTeX kernel commands for general use (HO)
))
(/usr/share/texmf-dist/tex/latex/hyperref/hyperref.sty
Package: hyperref 2018/11/30 v6.88e Hypertext links for LaTeX

(/usr/share/texmf-dist/tex/generic/oberdiek/hobsub-hyperref.sty
Package: hobsub-hyperref 2016/05/16 v1.14 Bundle oberdiek, subset hyperref (HO)


(/usr/share/texmf-dist/tex/generic/oberdiek/hobsub-generic.sty
Package: hobsub-generic 2016/05/16 v1.14 Bundle oberdiek, subset generic (HO)
Package: hobsub 2016/05/16 v1.14 Construct package bundles (HO)
Package hobsub Info: Skipping package `infwarerr' (already loaded).
Package hobsub Info: Skipping package `ltxcmds' (already loaded).
Package: ifluatex 2016/05/16 v1.4 Provides the ifluatex switch (HO)
Package ifluatex Info: LuaTeX not detected.
Package hobsub Info: Skipping package `ifvtex' (already loaded).
Package: intcalc 2016/05/16 v1.2 Expandable calculations with integers (HO)
Package hobsub Info: Skipping package `ifpdf' (already loaded).
Package: etexcmds 2016/05/16 v1.6 Avoid name clashes with e-TeX commands (HO)
Package etexcmds Info: Could not find \expanded.
(etexcmds)             That can mean that you are not using pdfTeX 1.50 or
(etexcmds)             that some package has redefined \expanded.
(etexcmds)             In the latter case, load this package earlier.
Package: kvsetkeys 2016/05/16 v1.17 Key value parser (HO)
Package: kvdefinekeys 2016/05/16 v1.4 Define keys (HO)
Package: pdftexcmds 2018/09/10 v0.29 Utility functions of pdfTeX for LuaTeX (HO
)
Package pdftexcmds Info: LuaTeX not detected.
Package pdftexcmds Info: \pdf@primitive is available.
Package pdftexcmds Info: \pdf@ifprimitive is available.
Package pdftexcmds Info: \pdfdraftmode found.
Package: pdfescape 2016/05/16 v1.14 Implements pdfTeX's escape features (HO)
Package: bigintcalc 2016/05/16 v1.4 Expandable calculations on big integers (HO
)
Package: bitset 2016/05/16 v1.2 Handle bit-vector datatype (HO)
Package: uniquecounter 2016/05/16 v1.3 Provide unlimited unique counter (HO)
)
Package hobsub Info: Skipping package `hobsub' (already loaded).
Package: letltxmacro 2016/05/16 v1.5 Let assignment for LaTeX macros (HO)
Package: hopatch 2016/05/16 v1.3 Wrapper for package hooks (HO)
Package: xcolor-patch 2016/05/16 xcolor patch
Package: atveryend 2016/05/16 v1.9 Hooks at the very end of document (HO)
Package hobsub Info: Skipping package `atbegshi' (already loaded).
Package: refcount 2016/05/16 v3.5 Data extraction from label references (HO)
Package: hycolor 2016/05/16 v1.8 Color options for hyperref/bookmark (HO)
)
(/usr/share/texmf-dist/tex/latex/oberdiek/auxhook.sty
Package: auxhook 2016/05/16 v1.4 Hooks for auxiliary files (HO)
)
(/usr/share/texmf-dist/tex/latex/oberdiek/kvoptions.sty
Package: kvoptions 2016/05/16 v3.12 Key value format for package options (HO)
)
\@linkdim=\dimen163
\Hy@linkcounter=\count121
\Hy@pagecounter=\count122

(/usr/share/texmf-dist/tex/latex/hyperref/pd1enc.def
File: pd1enc.def 2018/11/30 v6.88e Hyperref: PDFDocEncoding definition (HO)
Now handling font encoding PD1 ...
... no UTF-8 mapping file for font encoding PD1
)
\Hy@SavedSpaceFactor=\count123

(/usr/share/texmf-dist/tex/latex/latexconfig/hyperref.cfg
File: hyperref.cfg 2002/06/06 v1.2 hyperref configuration of TeXLive
)
Package hyperref Info: Option `bookmarks' set `true' on input line 4393.
Package hyperref Info: Option `bookmarksopen' set `true' on input line 4393.
Package hyperref Info: Option `implicit' set `false' on input line 4393.
Package hyperref Info: Hyper figures OFF on input line 4519.
Package hyperref Info: Link nesting OFF on input line 4524.
Package hyperref Info: Hyper index ON on input line 4527.
Package hyperref Info: Plain pages OFF on input line 4534.
Package hyperref Info: Backreferencing OFF on input line 4539.
Package hyperref Info: Implicit mode OFF; no redefinition of LaTeX internals.
Package hyperref Info: Bookmarks ON on input line 4772.
\c@Hy@tempcnt=\count124

(/usr/share/texmf-dist/tex/latex/url/url.sty
\Urlmuskip=\muskip10
Package: url 2013/09/16  ver 3.4  Verb mode for urls, etc.
)
LaTeX Info: Redefining \url on input line 5125.
\XeTeXLinkMargin=\dimen164
\Fld@menulength=\count125
\Field@Width=\dimen165
\Fld@charsize=\dimen166
Package hyperref Info: Hyper figures OFF on input line 6380.
Package hyperref Info: Link nesting OFF on input line 6385.
Package hyperref Info: Hyper index ON on input line 6388.
Package hyperref Info: backreferencing OFF on input line 6395.
Package hyperref Info: Link coloring OFF on input line 6400.
Package hyperref Info: Link coloring with OCG OFF on input line 6405.
Package hyperref Info: PDF/A mode OFF on input line 6410.
LaTeX Info: Redefining \ref on input line 6450.
LaTeX Info: Redefining \pageref on input line 6454.
\Hy@abspage=\count126


Package hyperref Message: Stopped early.

)
Package hyperref Info: Driver (autodetected): hpdftex.
 (/usr/share/texmf-dist/tex/latex/hyperref/hpdftex.def
File: hpdftex.def 2018/11/30 v6.88e Hyperref driver for pdfTeX
\Fld@listcount=\count127
\c@bookmark@seq@number=\count128

(/usr/share/texmf-dist/tex/latex/oberdiek/rerunfilecheck.sty
Package: rerunfilecheck 2016/05/16 v1.8 Rerun checks for auxiliary files (HO)
Package uniquecounter Info: New unique counter `rerunfilecheck' on input line 2
82.
))
(/usr/share/texmf-dist/tex/latex/beamer/beamerbaserequires.sty
(/usr/share/texmf-dist/tex/latex/beamer/beamerbasecompatibility.sty)
(/usr/share/texmf-dist/tex/latex/beamer/beamerbasefont.sty
(/usr/share/texmf-dist/tex/latex/amsfonts/amssymb.sty
Package: amssymb 2013/01/14 v3.01 AMS font symbols

(/usr/share/texmf-dist/tex/latex/amsfonts/amsfonts.sty
Package: amsfonts 2013/01/14 v3.01 Basic AMSFonts support
\@emptytoks=\toks26
\symAMSa=\mathgroup4
\symAMSb=\mathgroup5
LaTeX Font Info:    Overwriting math alphabet `\mathfrak' in version `bold'
(Font)                  U/euf/m/n --> U/euf/b/n on input line 106.
))
(/usr/share/texmf-dist/tex/latex/sansmathaccent/sansmathaccent.sty
Package: sansmathaccent 2013/03/28

(/usr/share/texmf-dist/tex/latex/filehook/filehook.sty
Package: filehook 2011/10/12 v0.5d Hooks for input files
)))
(/usr/share/texmf-dist/tex/latex/beamer/beamerbasetranslator.sty
(/usr/share/texmf-dist/tex/latex/translator/translator.sty
Package: translator 2018/01/04 v1.12 Easy translation of strings in LaTeX
))
(/usr/share/texmf-dist/tex/latex/beamer/beamerbasemisc.sty)
(/usr/share/texmf-dist/tex/latex/beamer/beamerbasetwoscreens.sty)
(/usr/share/texmf-dist/tex/latex/beamer/beamerbaseoverlay.sty
\beamer@argscount=\count129
\beamer@lastskipcover=\skip44
\beamer@trivlistdepth=\count130
)
(/usr/share/texmf-dist/tex/latex/beamer/beamerbasetitle.sty)
(/usr/share/texmf-dist/tex/latex/beamer/beamerbasesection.sty
\c@lecture=\count131
\c@part=\count132
\c@section=\count133
\c@subsection=\count134
\c@subsubsection=\count135
)
(/usr/share/texmf-dist/tex/latex/beamer/beamerbaseframe.sty
\beamer@framebox=\box41
\beamer@frametitlebox=\box42
\beamer@zoombox=\box43
\beamer@zoomcount=\count136
\beamer@zoomframecount=\count137
\beamer@frametextheight=\dimen167
\c@subsectionslide=\count138
\beamer@frametopskip=\skip45
\beamer@framebottomskip=\skip46
\beamer@frametopskipautobreak=\skip47
\beamer@framebottomskipautobreak=\skip48
\beamer@envbody=\toks27
\framewidth=\dimen168
\c@framenumber=\count139
)
(/usr/share/texmf-dist/tex/latex/beamer/beamerbaseverbatim.sty
\beamer@verbatimfileout=\write4
)
(/usr/share/texmf-dist/tex/latex/beamer/beamerbaseframesize.sty
\beamer@splitbox=\box44
\beamer@autobreakcount=\count140
\beamer@autobreaklastheight=\dimen169
\beamer@frametitletoks=\toks28
\beamer@framesubtitletoks=\toks29
)
(/usr/share/texmf-dist/tex/latex/beamer/beamerbaseframecomponents.sty
\beamer@footins=\box45
)
(/usr/share/texmf-dist/tex/latex/beamer/beamerbasecolor.sty)
(/usr/share/texmf-dist/tex/latex/beamer/beamerbasenotes.sty
\beamer@frameboxcopy=\box46
)
(/usr/share/texmf-dist/tex/latex/beamer/beamerbasetoc.sty)
(/usr/share/texmf-dist/tex/latex/beamer/beamerbasetemplates.sty
\beamer@sbttoks=\toks30

(/usr/share/texmf-dist/tex/latex/beamer/beamerbaseauxtemplates.sty
(/usr/share/texmf-dist/tex/latex/beamer/beamerbaseboxes.sty
\bmb@box=\box47
\bmb@colorbox=\box48
\bmb@boxshadow=\box49
\bmb@boxshadowball=\box50
\bmb@boxshadowballlarge=\box51
\bmb@temp=\dimen170
\bmb@dima=\dimen171
\bmb@dimb=\dimen172
\bmb@prevheight=\dimen173
)
\beamer@blockheadheight=\dimen174
))
(/usr/share/texmf-dist/tex/latex/beamer/beamerbaselocalstructure.sty
(/usr/share/texmf-dist/tex/latex/tools/enumerate.sty
Package: enumerate 2015/07/23 v3.00 enumerate extensions (DPC)
\@enLab=\toks31
)
\c@figure=\count141
\c@table=\count142
\abovecaptionskip=\skip49
\belowcaptionskip=\skip50
)
(/usr/share/texmf-dist/tex/latex/beamer/beamerbasenavigation.sty
\beamer@section@min@dim=\dimen175
)
(/usr/share/texmf-dist/tex/latex/beamer/beamerbasetheorems.sty
(/usr/share/texmf-dist/tex/latex/amsmath/amsmath.sty
Package: amsmath 2018/12/01 v2.17b AMS math features
\@mathmargin=\skip51

For additional information on amsmath, use the `?' option.
(/usr/share/texmf-dist/tex/latex/amsmath/amstext.sty
Package: amstext 2000/06/29 v2.01 AMS text

(/usr/share/texmf-dist/tex/latex/amsmath/amsgen.sty
File: amsgen.sty 1999/11/30 v2.0 generic functions
\@emptytoks=\toks32
\ex@=\dimen176
))
(/usr/share/texmf-dist/tex/latex/amsmath/amsbsy.sty
Package: amsbsy 1999/11/29 v1.2d Bold Symbols
\pmbraise@=\dimen177
)
(/usr/share/texmf-dist/tex/latex/amsmath/amsopn.sty
Package: amsopn 2016/03/08 v2.02 operator names
)
\inf@bad=\count143
LaTeX Info: Redefining \frac on input line 223.
\uproot@=\count144
\leftroot@=\count145
LaTeX Info: Redefining \overline on input line 385.
\classnum@=\count146
\DOTSCASE@=\count147
LaTeX Info: Redefining \ldots on input line 482.
LaTeX Info: Redefining \dots on input line 485.
LaTeX Info: Redefining \cdots on input line 606.
\Mathstrutbox@=\box52
\strutbox@=\box53
\big@size=\dimen178
LaTeX Font Info:    Redeclaring font encoding OML on input line 729.
LaTeX Font Info:    Redeclaring font encoding OMS on input line 730.
\macc@depth=\count148
\c@MaxMatrixCols=\count149
\dotsspace@=\muskip11
\c@parentequation=\count150
\dspbrk@lvl=\count151
\tag@help=\toks33
\row@=\count152
\column@=\count153
\maxfields@=\count154
\andhelp@=\toks34
\eqnshift@=\dimen179
\alignsep@=\dimen180
\tagshift@=\dimen181
\tagwidth@=\dimen182
\totwidth@=\dimen183
\lineht@=\dimen184
\@envbody=\toks35
\multlinegap=\skip52
\multlinetaggap=\skip53
\mathdisplay@stack=\toks36
LaTeX Info: Redefining \[ on input line 2844.
LaTeX Info: Redefining \] on input line 2845.
)
(/usr/share/texmf-dist/tex/latex/amscls/amsthm.sty
Package: amsthm 2017/10/31 v2.20.4
\thm@style=\toks37
\thm@bodyfont=\toks38
\thm@headfont=\toks39
\thm@notefont=\toks40
\thm@headpunct=\toks41
\thm@preskip=\skip54
\thm@postskip=\skip55
\thm@headsep=\skip56
\dth@everypar=\toks42
)
\c@theorem=\count155
)
(/usr/share/texmf-dist/tex/latex/beamer/beamerbasethemes.sty))
(/usr/share/texmf-dist/tex/latex/beamer/beamerthemedefault.sty
(/usr/share/texmf-dist/tex/latex/beamer/beamerfontthemedefault.sty)
(/usr/share/texmf-dist/tex/latex/beamer/beamercolorthemedefault.sty)
(/usr/share/texmf-dist/tex/latex/beamer/beamerinnerthemedefault.sty
\beamer@dima=\dimen185
\beamer@dimb=\dimen186
)
(/usr/share/texmf-dist/tex/latex/beamer/beamerouterthemedefault.sty)))
(/usr/share/texmf-dist/tex/latex/base/inputenc.sty
Package: inputenc 2018/08/11 v1.3c Input encoding file
\inpenc@prehook=\toks43
\inpenc@posthook=\toks44
)
(/usr/share/texmf-dist/tex/latex/base/fontenc.sty
Package: fontenc 2018/08/11 v2.0j Standard LaTeX package

(/usr/share/texmf-dist/tex/latex/base/t1enc.def
File: t1enc.def 2018/08/11 v2.0j Standard LaTeX file
LaTeX Font Info:    Redeclaring font encoding T1 on input line 48.
))
(/usr/share/texmf-dist/tex/latex/lm/lmodern.sty
Package: lmodern 2009/10/30 v1.6 Latin Modern Fonts
LaTeX Font Info:    Overwriting symbol font `operators' in version `normal'
(Font)                  OT1/cmr/m/n --> OT1/lmr/m/n on input line 22.
LaTeX Font Info:    Overwriting symbol font `letters' in version `normal'
(Font)                  OML/cmm/m/it --> OML/lmm/m/it on input line 23.
LaTeX Font Info:    Overwriting symbol font `symbols' in version `normal'
(Font)                  OMS/cmsy/m/n --> OMS/lmsy/m/n on input line 24.
LaTeX Font Info:    Overwriting symbol font `largesymbols' in version `normal'
(Font)                  OMX/cmex/m/n --> OMX/lmex/m/n on input line 25.
LaTeX Font Info:    Overwriting symbol font `operators' in version `bold'
(Font)                  OT1/cmr/bx/n --> OT1/lmr/bx/n on input line 26.
LaTeX Font Info:    Overwriting symbol font `letters' in version `bold'
(Font)                  OML/cmm/b/it --> OML/lmm/b/it on input line 27.
LaTeX Font Info:    Overwriting symbol font `symbols' in version `bold'
(Font)                  OMS/cmsy/b/n --> OMS/lmsy/b/n on input line 28.
LaTeX Font Info:    Overwriting symbol font `largesymbols' in version `bold'
(Font)                  OMX/cmex/m/n --> OMX/lmex/m/n on input line 29.
LaTeX Font Info:    Overwriting math alphabet `\mathbf' in version `normal'
(Font)                  OT1/cmr/bx/n --> OT1/lmr/bx/n on input line 31.
LaTeX Font Info:    Overwriting math alphabet `\mathsf' in version `normal'
(Font)                  OT1/cmss/m/n --> OT1/lmss/m/n on input line 32.
LaTeX Font Info:    Overwriting math alphabet `\mathit' in version `normal'
(Font)                  OT1/cmr/m/it --> OT1/lmr/m/it on input line 33.
LaTeX Font Info:    Overwriting math alphabet `\mathtt' in version `normal'
(Font)                  OT1/cmtt/m/n --> OT1/lmtt/m/n on input line 34.
LaTeX Font Info:    Overwriting math alphabet `\mathbf' in version `bold'
(Font)                  OT1/cmr/bx/n --> OT1/lmr/bx/n on input line 35.
LaTeX Font Info:    Overwriting math alphabet `\mathsf' in version `bold'
(Font)                  OT1/cmss/bx/n --> OT1/lmss/bx/n on input line 36.
LaTeX Font Info:    Overwriting math alphabet `\mathit' in version `bold'
(Font)                  OT1/cmr/bx/it --> OT1/lmr/bx/it on input line 37.
LaTeX Font Info:    Overwriting math alphabet `\mathtt' in version `bold'
(Font)                  OT1/cmtt/m/n --> OT1/lmtt/m/n on input line 38.
)
(/usr/share/texmf-dist/tex/latex/tools/array.sty
Package: array 2018/12/30 v2.4k Tabular extension package (FMi)
\col@sep=\dimen187
\ar@mcellbox=\box54
\extrarowheight=\dimen188
\NC@list=\toks45
\extratabsurround=\skip57
\backup@length=\skip58
\ar@cellbox=\box55
)
(/usr/share/texmf-dist/tex/latex/oberdiek/epstopdf.sty
Package: epstopdf 2016/05/15 v2.6 Conversion with epstopdf on the fly (HO)

(/usr/share/texmf-dist/tex/latex/oberdiek/epstopdf-base.sty
Package: epstopdf-base 2016/05/15 v2.6 Base part for package epstopdf

(/usr/share/texmf-dist/tex/latex/oberdiek/grfext.sty
Package: grfext 2016/05/16 v1.2 Manage graphics extensions (HO)
)
Package epstopdf-base Info: Redefining graphics rule for `.eps' on input line 4
38.
Package grfext Info: Graphics extension search list:
(grfext)             [.pdf,.png,.jpg,.mps,.jpeg,.jbig2,.jb2,.PDF,.PNG,.JPG,.JPE
G,.JBIG2,.JB2,.eps]
(grfext)             \AppendGraphicsExtensions on input line 456.

(/usr/share/texmf-dist/tex/latex/latexconfig/epstopdf-sys.cfg
File: epstopdf-sys.cfg 2010/07/13 v1.3 Configuration of (r)epstopdf for TeX Liv
e
)))
(/usr/share/texmf-dist/tex/latex/caption/caption.sty
Package: caption 2018/10/06 v3.3-154 Customizing captions (AR)

(/usr/share/texmf-dist/tex/latex/caption/caption3.sty
Package: caption3 2018/09/12 v1.8c caption3 kernel (AR)
Package caption3 Info: TeX engine: e-TeX on input line 64.
\captionmargin=\dimen189
\captionmargin@=\dimen190
\captionwidth=\dimen191
\caption@tempdima=\dimen192
\caption@indent=\dimen193
\caption@parindent=\dimen194
\caption@hangindent=\dimen195
)
\c@caption@flags=\count156
\c@ContinuedFloat=\count157
Package caption Info: beamer document class.
Package caption Info: hyperref package is loaded.
Package caption Info: Hyperref support is turned off
(caption)             because hyperref has stopped early.
)
(/usr/share/texmf-dist/tex/latex/tools/multicol.sty
Package: multicol 2018/12/27 v1.8v multicolumn formatting (FMi)
\c@tracingmulticols=\count158
\mult@box=\box56
\multicol@leftmargin=\dimen196
\c@unbalance=\count159
\c@collectmore=\count160
\doublecol@number=\count161
\multicoltolerance=\count162
\multicolpretolerance=\count163
\full@width=\dimen197
\page@free=\dimen198
\premulticols=\dimen199
\postmulticols=\dimen256
\multicolsep=\skip59
\multicolbaselineskip=\skip60
\partial@page=\box57
\last@line=\box58
\maxbalancingoverflow=\dimen257
\mult@rightbox=\box59
\mult@grightbox=\box60
\mult@gfirstbox=\box61
\mult@firstbox=\box62
\@tempa=\box63
\@tempa=\box64
\@tempa=\box65
\@tempa=\box66
\@tempa=\box67
\@tempa=\box68
\@tempa=\box69
\@tempa=\box70
\@tempa=\box71
\@tempa=\box72
\@tempa=\box73
\@tempa=\box74
\@tempa=\box75
\@tempa=\box76
\@tempa=\box77
\@tempa=\box78
\@tempa=\box79
\c@columnbadness=\count164
\c@finalcolumnbadness=\count165
\last@try=\dimen258
\multicolovershoot=\dimen259
\multicolundershoot=\dimen260
\mult@nat@firstbox=\box80
\colbreak@box=\box81
\mc@col@check@num=\count166
)
(/usr/share/texmf-dist/tex/latex/listings/listings.sty
\lst@mode=\count167
\lst@gtempboxa=\box82
\lst@token=\toks46
\lst@length=\count168
\lst@currlwidth=\dimen261
\lst@column=\count169
\lst@pos=\count170
\lst@lostspace=\dimen262
\lst@width=\dimen263
\lst@newlines=\count171
\lst@lineno=\count172
\lst@maxwidth=\dimen264

(/usr/share/texmf-dist/tex/latex/listings/lstmisc.sty
File: lstmisc.sty 2018/09/02 1.7 (Carsten Heinz)
\c@lstnumber=\count173
\lst@skipnumbers=\count174
\lst@framebox=\box83
)
(/usr/share/texmf-dist/tex/latex/listings/listings.cfg
File: listings.cfg 2018/09/02 1.7 listings configuration
))
Package: listings 2018/09/02 1.7 (Carsten Heinz)

(/usr/share/texmf-dist/tex/latex/base/alltt.sty
Package: alltt 1997/06/16 v2.0g defines alltt environment
)
(/usr/share/texmf-dist/tex/latex/cancel/cancel.sty
Package: cancel 2013/04/12 v2.2 Cancel math terms
)
(/usr/share/texmf-dist/tex/latex/beamer/beamerthemeFrankfurt.sty
(/usr/share/texmf-dist/tex/latex/beamer/beamerouterthemesmoothbars.sty)
(/usr/share/texmf-dist/tex/latex/beamer/beamerinnerthemerounded.sty)
(/usr/share/texmf-dist/tex/latex/beamer/beamercolorthemeorchid.sty)
(/usr/share/texmf-dist/tex/latex/beamer/beamercolorthemewhale.sty))
(/usr/share/texmf-dist/tex/latex/pgf/frontendlayer/tikz.sty
(/usr/share/texmf-dist/tex/latex/pgf/basiclayer/pgf.sty
Package: pgf 2019/02/02 v3.1.1 (3.1.1)

(/usr/share/texmf-dist/tex/generic/pgf/modules/pgfmoduleshapes.code.tex
File: pgfmoduleshapes.code.tex 2019/02/02 v3.1.1 (3.1.1)
\pgfnodeparttextbox=\box84
)
(/usr/share/texmf-dist/tex/generic/pgf/modules/pgfmoduleplot.code.tex
File: pgfmoduleplot.code.tex 2019/02/02 v3.1.1 (3.1.1)
)
(/usr/share/texmf-dist/tex/latex/pgf/compatibility/pgfcomp-version-0-65.sty
Package: pgfcomp-version-0-65 2019/02/02 v3.1.1 (3.1.1)
\pgf@nodesepstart=\dimen265
\pgf@nodesepend=\dimen266
)
(/usr/share/texmf-dist/tex/latex/pgf/compatibility/pgfcomp-version-1-18.sty
Package: pgfcomp-version-1-18 2019/02/02 v3.1.1 (3.1.1)
))
(/usr/share/texmf-dist/tex/latex/pgf/utilities/pgffor.sty
(/usr/share/texmf-dist/tex/latex/pgf/utilities/pgfkeys.sty
(/usr/share/texmf-dist/tex/generic/pgf/utilities/pgfkeys.code.tex))
(/usr/share/texmf-dist/tex/latex/pgf/math/pgfmath.sty
(/usr/share/texmf-dist/tex/generic/pgf/math/pgfmath.code.tex))
(/usr/share/texmf-dist/tex/generic/pgf/utilities/pgffor.code.tex
Package: pgffor 2019/02/02 v3.1.1 (3.1.1)

(/usr/share/texmf-dist/tex/generic/pgf/math/pgfmath.code.tex)
\pgffor@iter=\dimen267
\pgffor@skip=\dimen268
\pgffor@stack=\toks47
\pgffor@toks=\toks48
))
(/usr/share/texmf-dist/tex/generic/pgf/frontendlayer/tikz/tikz.code.tex
Package: tikz 2019/02/02 v3.1.1 (3.1.1)

(/usr/share/texmf-dist/tex/generic/pgf/libraries/pgflibraryplothandlers.code.te
x
File: pgflibraryplothandlers.code.tex 2019/02/02 v3.1.1 (3.1.1)
\pgf@plot@mark@count=\count175
\pgfplotmarksize=\dimen269
)
\tikz@lastx=\dimen270
\tikz@lasty=\dimen271
\tikz@lastxsaved=\dimen272
\tikz@lastysaved=\dimen273
\tikzleveldistance=\dimen274
\tikzsiblingdistance=\dimen275
\tikz@figbox=\box85
\tikz@figbox@bg=\box86
\tikz@tempbox=\box87
\tikz@tempbox@bg=\box88
\tikztreelevel=\count176
\tikznumberofchildren=\count177
\tikznumberofcurrentchild=\count178
\tikz@fig@count=\count179
 (/usr/share/texmf-dist/tex/generic/pgf/modules/pgfmodulematrix.code.tex
File: pgfmodulematrix.code.tex 2019/02/02 v3.1.1 (3.1.1)
\pgfmatrixcurrentrow=\count180
\pgfmatrixcurrentcolumn=\count181
\pgf@matrix@numberofcolumns=\count182
)
\tikz@expandcount=\count183

(/usr/share/texmf-dist/tex/generic/pgf/frontendlayer/tikz/libraries/tikzlibrary
topaths.code.tex
File: tikzlibrarytopaths.code.tex 2019/02/02 v3.1.1 (3.1.1)
)))
(/usr/share/texmf-dist/tex/generic/pgf/frontendlayer/tikz/libraries/tikzlibrary
patterns.code.tex
File: tikzlibrarypatterns.code.tex 2019/02/02 v3.1.1 (3.1.1)

(/usr/share/texmf-dist/tex/generic/pgf/libraries/pgflibrarypatterns.code.tex
File: pgflibrarypatterns.code.tex 2019/02/02 v3.1.1 (3.1.1)
))
(/usr/share/texmf-dist/tex/generic/pgf/frontendlayer/tikz/libraries/tikzlibrary
plotmarks.code.tex
File: tikzlibraryplotmarks.code.tex 2019/02/02 v3.1.1 (3.1.1)

(/usr/share/texmf-dist/tex/generic/pgf/libraries/pgflibraryplotmarks.code.tex
File: pgflibraryplotmarks.code.tex 2019/02/02 v3.1.1 (3.1.1)
)) (./presentacion-tesis.aux)
\openout1 = `presentacion-tesis.aux'.

LaTeX Font Info:    Checking defaults for OML/cmm/m/it on input line 31.
LaTeX Font Info:    ... okay on input line 31.
LaTeX Font Info:    Checking defaults for T1/cmr/m/n on input line 31.
LaTeX Font Info:    ... okay on input line 31.
LaTeX Font Info:    Checking defaults for OT1/cmr/m/n on input line 31.
LaTeX Font Info:    ... okay on input line 31.
LaTeX Font Info:    Checking defaults for OMS/cmsy/m/n on input line 31.
LaTeX Font Info:    ... okay on input line 31.
LaTeX Font Info:    Checking defaults for OMX/cmex/m/n on input line 31.
LaTeX Font Info:    ... okay on input line 31.
LaTeX Font Info:    Checking defaults for U/cmr/m/n on input line 31.
LaTeX Font Info:    ... okay on input line 31.
LaTeX Font Info:    Checking defaults for PD1/pdf/m/n on input line 31.
LaTeX Font Info:    ... okay on input line 31.
LaTeX Font Info:    Try loading font information for T1+lmss on input line 31.
 (/usr/share/texmf-dist/tex/latex/lm/t1lmss.fd
File: t1lmss.fd 2009/10/30 v1.6 Font defs for Latin Modern
)
*geometry* driver: auto-detecting
*geometry* detected driver: pdftex
*geometry* verbose mode - [ preamble ] result:
* driver: pdftex
* paper: custom
* layout: <same size as paper>
* layoutoffset:(h,v)=(0.0pt,0.0pt)
* modes: includehead includefoot 
* h-part:(L,W,R)=(28.45274pt, 307.28987pt, 28.45274pt)
* v-part:(T,H,B)=(0.0pt, 273.14662pt, 0.0pt)
* \paperwidth=364.19536pt
* \paperheight=273.14662pt
* \textwidth=307.28987pt
* \textheight=244.6939pt
* \oddsidemargin=-43.81725pt
* \evensidemargin=-43.81725pt
* \topmargin=-72.26999pt
* \headheight=14.22636pt
* \headsep=0.0pt
* \topskip=11.0pt
* \footskip=14.22636pt
* \marginparwidth=4.0pt
* \marginparsep=10.0pt
* \columnsep=10.0pt
* \skip\footins=10.0pt plus 4.0pt minus 2.0pt
* \hoffset=0.0pt
* \voffset=0.0pt
* \mag=1000
* \@twocolumnfalse
* \@twosidefalse
* \@mparswitchfalse
* \@reversemarginfalse
* (1in=72.27pt=25.4mm, 1cm=28.453pt)

(/usr/share/texmf-dist/tex/context/base/mkii/supp-pdf.mkii
[Loading MPS to PDF converter (version 2006.09.02).]
\scratchcounter=\count184
\scratchdimen=\dimen276
\scratchbox=\box89
\nofMPsegments=\count185
\nofMParguments=\count186
\everyMPshowfont=\toks49
\MPscratchCnt=\count187
\MPscratchDim=\dimen277
\MPnumerator=\count188
\makeMPintoPDFobject=\count189
\everyMPtoPDFconversion=\toks50
) ABD: EveryShipout initializing macros
\AtBeginShipoutBox=\box90
Package hyperref Info: Link coloring OFF on input line 31.

(/usr/share/texmf-dist/tex/latex/hyperref/nameref.sty
Package: nameref 2016/05/21 v2.44 Cross-referencing by name of section

(/usr/share/texmf-dist/tex/generic/oberdiek/gettitlestring.sty
Package: gettitlestring 2016/05/16 v1.5 Cleanup title references (HO)
)
\c@section@level=\count190
)
LaTeX Info: Redefining \ref on input line 31.
LaTeX Info: Redefining \pageref on input line 31.
LaTeX Info: Redefining \nameref on input line 31.

(./presentacion-tesis.out) (./presentacion-tesis.out)
\@outlinefile=\write5
\openout5 = `presentacion-tesis.out'.

LaTeX Font Info:    Overwriting symbol font `operators' in version `normal'
(Font)                  OT1/lmr/m/n --> OT1/cmss/m/n on input line 31.
LaTeX Font Info:    Overwriting symbol font `operators' in version `bold'
(Font)                  OT1/lmr/bx/n --> OT1/cmss/bx/n on input line 31.
LaTeX Font Info:    Overwriting symbol font `operators' in version `normal'
(Font)                  OT1/cmss/m/n --> OT1/lmss/m/n on input line 31.
LaTeX Font Info:    Overwriting symbol font `operators' in version `bold'
(Font)                  OT1/cmss/bx/n --> OT1/lmss/bx/n on input line 31.
\symnumbers=\mathgroup6
\sympureletters=\mathgroup7
LaTeX Font Info:    Overwriting math alphabet `\mathrm' in version `normal'
(Font)                  OT1/lmss/m/n --> T1/lmr/m/n on input line 31.
LaTeX Font Info:    Redeclaring math alphabet \mathbf on input line 31.
LaTeX Font Info:    Overwriting math alphabet `\mathbf' in version `normal'
(Font)                  OT1/lmr/bx/n --> T1/lmss/bx/n on input line 31.
LaTeX Font Info:    Overwriting math alphabet `\mathbf' in version `bold'
(Font)                  OT1/lmr/bx/n --> T1/lmss/bx/n on input line 31.
LaTeX Font Info:    Redeclaring math alphabet \mathsf on input line 31.
LaTeX Font Info:    Overwriting math alphabet `\mathsf' in version `normal'
(Font)                  OT1/lmss/m/n --> T1/lmss/m/n on input line 31.
LaTeX Font Info:    Overwriting math alphabet `\mathsf' in version `bold'
(Font)                  OT1/lmss/bx/n --> T1/lmss/m/n on input line 31.
LaTeX Font Info:    Redeclaring math alphabet \mathit on input line 31.
LaTeX Font Info:    Overwriting math alphabet `\mathit' in version `normal'
(Font)                  OT1/lmr/m/it --> T1/lmss/m/it on input line 31.
LaTeX Font Info:    Overwriting math alphabet `\mathit' in version `bold'
(Font)                  OT1/lmr/bx/it --> T1/lmss/m/it on input line 31.
LaTeX Font Info:    Redeclaring math alphabet \mathtt on input line 31.
LaTeX Font Info:    Overwriting math alphabet `\mathtt' in version `normal'
(Font)                  OT1/lmtt/m/n --> T1/lmtt/m/n on input line 31.
LaTeX Font Info:    Overwriting math alphabet `\mathtt' in version `bold'
(Font)                  OT1/lmtt/m/n --> T1/lmtt/m/n on input line 31.
LaTeX Font Info:    Overwriting symbol font `numbers' in version `bold'
(Font)                  T1/lmss/m/n --> T1/lmss/bx/n on input line 31.
LaTeX Font Info:    Overwriting symbol font `pureletters' in version `bold'
(Font)                  T1/lmss/m/it --> T1/lmss/bx/it on input line 31.
LaTeX Font Info:    Overwriting math alphabet `\mathrm' in version `bold'
(Font)                  OT1/lmss/bx/n --> T1/lmr/bx/n on input line 31.
LaTeX Font Info:    Overwriting math alphabet `\mathbf' in version `bold'
(Font)                  T1/lmss/bx/n --> T1/lmss/bx/n on input line 31.
LaTeX Font Info:    Overwriting math alphabet `\mathsf' in version `bold'
(Font)                  T1/lmss/m/n --> T1/lmss/bx/n on input line 31.
LaTeX Font Info:    Overwriting math alphabet `\mathit' in version `bold'
(Font)                  T1/lmss/m/it --> T1/lmss/bx/it on input line 31.
LaTeX Font Info:    Overwriting math alphabet `\mathtt' in version `bold'
(Font)                  T1/lmtt/m/n --> T1/lmtt/bx/n on input line 31.

(/usr/share/texmf-dist/tex/latex/translator/translator-basic-dictionary-English
.dict
Dictionary: translator-basic-dictionary, Language: English 
)
(/usr/share/texmf-dist/tex/latex/translator/translator-bibliography-dictionary-
English.dict
Dictionary: translator-bibliography-dictionary, Language: English 
)
(/usr/share/texmf-dist/tex/latex/translator/translator-environment-dictionary-E
nglish.dict
Dictionary: translator-environment-dictionary, Language: English 
)
(/usr/share/texmf-dist/tex/latex/translator/translator-months-dictionary-Englis
h.dict
Dictionary: translator-months-dictionary, Language: English 
)
(/usr/share/texmf-dist/tex/latex/translator/translator-numbers-dictionary-Engli
sh.dict
Dictionary: translator-numbers-dictionary, Language: English 
)
(/usr/share/texmf-dist/tex/latex/translator/translator-theorem-dictionary-Engli
sh.dict
Dictionary: translator-theorem-dictionary, Language: English 
)
Package caption Info: Begin \AtBeginDocument code.
Package caption Info: listings package is loaded.
Package caption Info: End \AtBeginDocument code.
\c@lstlisting=\count191
 (./presentacion-tesis.nav)
Overfull \hbox (171.68256pt too wide) detected at line 31
  [] [][] [][][][] [][][] [][][][][][][] [][][][][][][][][] [][][][][][][][][][
][] [][] [][][][][][][][] [][] [][][][][][][][][][][][][][][][][][][][][][][][]
[]  
 []


Package hyperref Warning: Option `pdfauthor' has already been used,
(hyperref)                setting the option has no effect on input line 35.

LaTeX Font Info:    Try loading font information for OT1+lmss on input line 51.

(/usr/share/texmf-dist/tex/latex/lm/ot1lmss.fd
File: ot1lmss.fd 2009/10/30 v1.6 Font defs for Latin Modern
)
LaTeX Font Info:    Try loading font information for OML+lmm on input line 51.

(/usr/share/texmf-dist/tex/latex/lm/omllmm.fd
File: omllmm.fd 2009/10/30 v1.6 Font defs for Latin Modern
)
LaTeX Font Info:    Try loading font information for OMS+lmsy on input line 51.


(/usr/share/texmf-dist/tex/latex/lm/omslmsy.fd
File: omslmsy.fd 2009/10/30 v1.6 Font defs for Latin Modern
)
LaTeX Font Info:    Try loading font information for OMX+lmex on input line 51.


(/usr/share/texmf-dist/tex/latex/lm/omxlmex.fd
File: omxlmex.fd 2009/10/30 v1.6 Font defs for Latin Modern
)
LaTeX Font Info:    External font `lmex10' loaded for size
(Font)              <14.4> on input line 51.
LaTeX Font Info:    External font `lmex10' loaded for size
(Font)              <10> on input line 51.
LaTeX Font Info:    External font `lmex10' loaded for size
(Font)              <7> on input line 51.
LaTeX Font Info:    Try loading font information for U+msa on input line 51.

(/usr/share/texmf-dist/tex/latex/amsfonts/umsa.fd
File: umsa.fd 2013/01/14 v3.01 AMS symbols A
)
LaTeX Font Info:    Try loading font information for U+msb on input line 51.

(/usr/share/texmf-dist/tex/latex/amsfonts/umsb.fd
File: umsb.fd 2013/01/14 v3.01 AMS symbols B
)
LaTeX Font Info:    Font shape `T1/lmss/m/it' in size <14.4> not available
(Font)              Font shape `T1/lmss/m/sl' tried instead on input line 51.
LaTeX Font Info:    Font shape `T1/lmss/m/it' in size <10> not available
(Font)              Font shape `T1/lmss/m/sl' tried instead on input line 51.
LaTeX Font Info:    Font shape `T1/lmss/m/it' in size <7> not available
(Font)              Font shape `T1/lmss/m/sl' tried instead on input line 51.

Overfull \vbox (183.06804pt too high) detected at line 51
 []

<unison-logo.png, id=138, 321.2pt x 321.2pt>
File: unison-logo.png Graphic file (type png)
<use unison-logo.png>
Package pdftex.def Info: unison-logo.png  used on input line 51.
(pdftex.def)             Requested size: 32.12187pt x 32.12187pt.

Overfull \hbox (171.68256pt too wide) has occurred while \output is active
  [] [][] [][][][] [][][] [][][][][][][] [][][][][][][][][] [][][][][][][][][][
][] [][] [][][][][][][][] [][] [][][][][][][][][][][][][][][][][][][][][][][][]
[]  
 []

[1{/var/lib/texmf/fonts/map/pdftex/updmap/pdftex.map}

 <./unison-logo.png>]
(./presentacion-tesis.toc)
File: unison-logo.png Graphic file (type png)
<use unison-logo.png>
Package pdftex.def Info: unison-logo.png  used on input line 56.
(pdftex.def)             Requested size: 32.12187pt x 32.12187pt.

Overfull \hbox (171.68256pt too wide) has occurred while \output is active
  [] [][] [][][][] [][][] [][][][][][][] [][][][][][][][][] [][][][][][][][][][
][] [][] [][][][][][][][] [][] [][][][][][][][][][][][][][][][][][][][][][][][]
[]  
 []

[2

]
File: unison-logo.png Graphic file (type png)
<use unison-logo.png>
Package pdftex.def Info: unison-logo.png  used on input line 73.
(pdftex.def)             Requested size: 32.12187pt x 32.12187pt.

Overfull \hbox (171.68256pt too wide) has occurred while \output is active
  [] [][] [][][][] [][][] [][][][][][][] [][][][][][][][][] [][][][][][][][][][
][] [][] [][][][][][][][] [][] [][][][][][][][][][][][][][][][][][][][][][][][]
[]  
 []

[3

]
File: unison-logo.png Graphic file (type png)
<use unison-logo.png>
Package pdftex.def Info: unison-logo.png  used on input line 84.
(pdftex.def)             Requested size: 32.12187pt x 32.12187pt.

Overfull \hbox (171.68256pt too wide) has occurred while \output is active
  [] [][] [][][][] [][][] [][][][][][][] [][][][][][][][][] [][][][][][][][][][
][] [][] [][][][][][][][] [][] [][][][][][][][][][][][][][][][][][][][][][][][]
[]  
 []

[4

]
<figures/sm1.png, id=630, 1397.22pt x 926.71219pt>
File: figures/sm1.png Graphic file (type png)
<use figures/sm1.png>
Package pdftex.def Info: figures/sm1.png  used on input line 94.
(pdftex.def)             Requested size: 256.07251pt x 184.94322pt.
File: unison-logo.png Graphic file (type png)
<use unison-logo.png>
Package pdftex.def Info: unison-logo.png  used on input line 94.
(pdftex.def)             Requested size: 32.12187pt x 32.12187pt.

Overfull \hbox (171.68256pt too wide) has occurred while \output is active
  [] [][] [][][][] [][][] [][][][][][][] [][][][][][][][][] [][][][][][][][][][
][] [][] [][][][][][][][] [][] [][][][][][][][][][][][][][][][][][][][][][][][]
[]  
 []

[5

 <./figures/sm1.png>]
LaTeX Font Info:    External font `lmex10' loaded for size
(Font)              <10.95> on input line 127.
LaTeX Font Info:    External font `lmex10' loaded for size
(Font)              <8> on input line 127.
LaTeX Font Info:    External font `lmex10' loaded for size
(Font)              <6> on input line 127.
LaTeX Font Info:    Font shape `T1/lmss/m/it' in size <10.95> not available
(Font)              Font shape `T1/lmss/m/sl' tried instead on input line 127.
LaTeX Font Info:    Font shape `T1/lmss/m/it' in size <8> not available
(Font)              Font shape `T1/lmss/m/sl' tried instead on input line 127.
LaTeX Font Info:    Font shape `T1/lmss/m/it' in size <6> not available
(Font)              Font shape `T1/lmss/m/sl' tried instead on input line 127.
LaTeX Font Info:    External font `lmex10' loaded for size
(Font)              <5> on input line 127.
LaTeX Font Info:    Font shape `T1/lmss/m/it' in size <5> not available
(Font)              Font shape `T1/lmss/m/sl' tried instead on input line 127.
LaTeX Font Info:    External font `lmex10' loaded for size
(Font)              <9> on input line 127.
LaTeX Font Info:    Font shape `T1/lmss/m/it' in size <9> not available
(Font)              Font shape `T1/lmss/m/sl' tried instead on input line 127.
File: unison-logo.png Graphic file (type png)
<use unison-logo.png>
Package pdftex.def Info: unison-logo.png  used on input line 127.
(pdftex.def)             Requested size: 32.12187pt x 32.12187pt.

Overfull \hbox (171.68256pt too wide) has occurred while \output is active
  [] [][] [][][][] [][][] [][][][][][][] [][][][][][][][][] [][][][][][][][][][
][] [][] [][][][][][][][] [][] [][][][][][][][][][][][][][][][][][][][][][][][]
[]  
 []

[6

]
File: unison-logo.png Graphic file (type png)
<use unison-logo.png>
Package pdftex.def Info: unison-logo.png  used on input line 153.
(pdftex.def)             Requested size: 32.12187pt x 32.12187pt.

Overfull \hbox (171.68256pt too wide) has occurred while \output is active
  [] [][] [][][][] [][][] [][][][][][][] [][][][][][][][][] [][][][][][][][][][
][] [][] [][][][][][][][] [][] [][][][][][][][][][][][][][][][][][][][][][][][]
[]  
 []

[7

]
File: unison-logo.png Graphic file (type png)
<use unison-logo.png>
Package pdftex.def Info: unison-logo.png  used on input line 185.
(pdftex.def)             Requested size: 32.12187pt x 32.12187pt.

Overfull \hbox (171.68256pt too wide) has occurred while \output is active
  [] [][] [][][][] [][][] [][][][][][][] [][][][][][][][][] [][][][][][][][][][
][] [][] [][][][][][][][] [][] [][][][][][][][][][][][][][][][][][][][][][][][]
[]  
 []

[8

]
<figures/pg.png, id=1043, 807.7678pt x 367.3725pt>
File: figures/pg.png Graphic file (type png)
<use figures/pg.png>
Package pdftex.def Info: figures/pg.png  used on input line 193.
(pdftex.def)             Requested size: 323.1014pt x 146.94638pt.

Overfull \hbox (15.81152pt too wide) in paragraph at lines 193--193
 [] 
 []

File: unison-logo.png Graphic file (type png)
<use unison-logo.png>
Package pdftex.def Info: unison-logo.png  used on input line 193.
(pdftex.def)             Requested size: 32.12187pt x 32.12187pt.

Overfull \hbox (171.68256pt too wide) has occurred while \output is active
  [] [][] [][][][] [][][] [][][][][][][] [][][][][][][][][] [][][][][][][][][][
][] [][] [][][][][][][][] [][] [][][][][][][][][][][][][][][][][][][][][][][][]
[]  
 []

[9

 <./figures/pg.png (PNG copy)>]
<figures/tq.png, id=1142, 635.37375pt x 215.30438pt>
File: figures/tq.png Graphic file (type png)
<use figures/tq.png>
Package pdftex.def Info: figures/tq.png  used on input line 204.
(pdftex.def)             Requested size: 254.14499pt x 86.12022pt.
File: unison-logo.png Graphic file (type png)
<use unison-logo.png>
Package pdftex.def Info: unison-logo.png  used on input line 204.
(pdftex.def)             Requested size: 32.12187pt x 32.12187pt.

Overfull \hbox (171.68256pt too wide) has occurred while \output is active
  [] [][] [][][][] [][][] [][][][][][][] [][][][][][][][][] [][][][][][][][][][
][] [][] [][][][][][][][] [][] [][][][][][][][][][][][][][][][][][][][][][][][]
[]  
 []

[10

 <./figures/tq.png (PNG copy)>]
File: unison-logo.png Graphic file (type png)
<use unison-logo.png>
Package pdftex.def Info: unison-logo.png  used on input line 219.
(pdftex.def)             Requested size: 32.12187pt x 32.12187pt.

Overfull \hbox (171.68256pt too wide) has occurred while \output is active
  [] [][] [][][][] [][][] [][][][][][][] [][][][][][][][][] [][][][][][][][][][
][] [][] [][][][][][][][] [][] [][][][][][][][][][][][][][][][][][][][][][][][]
[]  
 []

[11

]
File: unison-logo.png Graphic file (type png)
<use unison-logo.png>
Package pdftex.def Info: unison-logo.png  used on input line 235.
(pdftex.def)             Requested size: 32.12187pt x 32.12187pt.

Overfull \hbox (171.68256pt too wide) has occurred while \output is active
  [] [][] [][][][] [][][] [][][][][][][] [][][][][][][][][] [][][][][][][][][][
][] [][] [][][][][][][][] [][] [][][][][][][][][][][][][][][][][][][][][][][][]
[]  
 []

[12

]
<figures/cs1.png, id=1441, 501.875pt x 266.9975pt>
File: figures/cs1.png Graphic file (type png)
<use figures/cs1.png>
Package pdftex.def Info: figures/cs1.png  used on input line 246.
(pdftex.def)             Requested size: 250.93687pt x 133.49841pt.
File: unison-logo.png Graphic file (type png)
<use unison-logo.png>
Package pdftex.def Info: unison-logo.png  used on input line 246.
(pdftex.def)             Requested size: 32.12187pt x 32.12187pt.

Overfull \hbox (171.68256pt too wide) has occurred while \output is active
  [] [][] [][][][] [][][] [][][][][][][] [][][][][][][][][] [][][][][][][][][][
][] [][] [][][][][][][][] [][] [][][][][][][][][][][][][][][][][][][][][][][][]
[]  
 []

[13

 <./figures/cs1.png>]
File: unison-logo.png Graphic file (type png)
<use unison-logo.png>
Package pdftex.def Info: unison-logo.png  used on input line 255.
(pdftex.def)             Requested size: 32.12187pt x 32.12187pt.

Overfull \hbox (171.68256pt too wide) has occurred while \output is active
  [] [][] [][][][] [][][] [][][][][][][] [][][][][][][][][] [][][][][][][][][][
][] [][] [][][][][][][][] [][] [][][][][][][][][][][][][][][][][][][][][][][][]
[]  
 []

[14

]
File: unison-logo.png Graphic file (type png)
<use unison-logo.png>
Package pdftex.def Info: unison-logo.png  used on input line 295.
(pdftex.def)             Requested size: 32.12187pt x 32.12187pt.

Overfull \hbox (171.68256pt too wide) has occurred while \output is active
  [] [][] [][][][] [][][] [][][][][][][] [][][][][][][][][] [][][][][][][][][][
][] [][] [][][][][][][][] [][] [][][][][][][][][][][][][][][][][][][][][][][][]
[]  
 []

[15

]
Package epstopdf Info: Source file: <figures/7-14xsec.eps>
(epstopdf)                    date: 2019-03-11 15:19:17
(epstopdf)                    size: 11515 bytes
(epstopdf)             Output file: <figures/7-14xsec-eps-converted-to.pdf>
(epstopdf)                    date: 2019-03-11 17:22:34
(epstopdf)                    size: 11400 bytes
(epstopdf)             Command: <repstopdf --outfile=figures/7-14xsec-eps-conve
rted-to.pdf figures/7-14xsec.eps>
(epstopdf)             \includegraphics on input line 305.
Package epstopdf Info: Output file is already uptodate.
<figures/7-14xsec-eps-converted-to.pdf, id=1738, 569.12625pt x 408.52625pt>
File: figures/7-14xsec-eps-converted-to.pdf Graphic file (type pdf)
<use figures/7-14xsec-eps-converted-to.pdf>
Package pdftex.def Info: figures/7-14xsec-eps-converted-to.pdf  used on input l
ine 305.
(pdftex.def)             Requested size: 239.03139pt x 171.57985pt.
File: unison-logo.png Graphic file (type png)
<use unison-logo.png>
Package pdftex.def Info: unison-logo.png  used on input line 305.
(pdftex.def)             Requested size: 32.12187pt x 32.12187pt.

Overfull \hbox (171.68256pt too wide) has occurred while \output is active
  [] [][] [][][][] [][][] [][][][][][][] [][][][][][][][][] [][][][][][][][][][
][] [][] [][][][][][][][] [][] [][][][][][][][][][][][][][][][][][][][][][][][]
[]  
 []

[16

 <./figures/7-14xsec-eps-converted-to.pdf>]
File: unison-logo.png Graphic file (type png)
<use unison-logo.png>
Package pdftex.def Info: unison-logo.png  used on input line 318.
(pdftex.def)             Requested size: 32.12187pt x 32.12187pt.

Overfull \hbox (171.68256pt too wide) has occurred while \output is active
  [] [][] [][][][] [][][] [][][][][][][] [][][][][][][][][] [][][][][][][][][][
][] [][] [][][][][][][][] [][] [][][][][][][][][][][][][][][][][][][][][][][][]
[]  
 []

[17

]
Package epstopdf Info: Source file: <figures/Higgs_BR_120-130_7.eps>
(epstopdf)                    date: 2019-03-11 15:45:36
(epstopdf)                    size: 344504 bytes
(epstopdf)             Output file: <figures/Higgs_BR_120-130_7-eps-converted-t
o.pdf>
(epstopdf)                    date: 2019-03-11 17:28:33
(epstopdf)                    size: 38931 bytes
(epstopdf)             Command: <repstopdf --outfile=figures/Higgs_BR_120-130_7
-eps-converted-to.pdf figures/Higgs_BR_120-130_7.eps>
(epstopdf)             \includegraphics on input line 328.
Package epstopdf Info: Output file is already uptodate.
<figures/Higgs_BR_120-130_7-eps-converted-to.pdf, id=1947, 569.12625pt x 546.04
pt>
File: figures/Higgs_BR_120-130_7-eps-converted-to.pdf Graphic file (type pdf)
<use figures/Higgs_BR_120-130_7-eps-converted-to.pdf>
Package pdftex.def Info: figures/Higgs_BR_120-130_7-eps-converted-to.pdf  used 
on input line 328.
(pdftex.def)             Requested size: 199.19717pt x 191.11685pt.
File: unison-logo.png Graphic file (type png)
<use unison-logo.png>
Package pdftex.def Info: unison-logo.png  used on input line 328.
(pdftex.def)             Requested size: 32.12187pt x 32.12187pt.

Overfull \hbox (171.68256pt too wide) has occurred while \output is active
  [] [][] [][][][] [][][] [][][][][][][] [][][][][][][][][] [][][][][][][][][][
][] [][] [][][][][][][][] [][] [][][][][][][][][][][][][][][][][][][][][][][][]
[]  
 []

[18

 <./figures/Higgs_BR_120-130_7-eps-converted-to.pdf>]
File: unison-logo.png Graphic file (type png)
<use unison-logo.png>
Package pdftex.def Info: unison-logo.png  used on input line 366.
(pdftex.def)             Requested size: 32.12187pt x 32.12187pt.

Overfull \hbox (171.68256pt too wide) has occurred while \output is active
  [] [][] [][][][] [][][] [][][][][][][] [][][][][][][][][] [][][][][][][][][][
][] [][] [][][][][][][][] [][] [][][][][][][][][][][][][][][][][][][][][][][][]
[]  
 []

[19

]
Overfull \hbox (12.55249pt too wide) in paragraph at lines 404--404
 [] 
 []

File: unison-logo.png Graphic file (type png)
<use unison-logo.png>
Package pdftex.def Info: unison-logo.png  used on input line 404.
(pdftex.def)             Requested size: 32.12187pt x 32.12187pt.

Overfull \hbox (171.68256pt too wide) has occurred while \output is active
  [] [][] [][][][] [][][] [][][][][][][] [][][][][][][][][] [][][][][][][][][][
][] [][] [][][][][][][][] [][] [][][][][][][][][][][][][][][][][][][][][][][][]
[]  
 []

[20

]
<figures/CERN's-accelerator-complex2013.jpg, id=2263, 1040.688pt x 735.7086pt>
File: figures/CERN's-accelerator-complex2013.jpg Graphic file (type jpg)
<use figures/CERN's-accelerator-complex2013.jpg>
Package pdftex.def Info: figures/CERN's-accelerator-complex2013.jpg  used on in
put line 413.
(pdftex.def)             Requested size: 260.17136pt x 183.9267pt.
File: unison-logo.png Graphic file (type png)
<use unison-logo.png>
Package pdftex.def Info: unison-logo.png  used on input line 413.
(pdftex.def)             Requested size: 32.12187pt x 32.12187pt.

Overfull \hbox (171.68256pt too wide) has occurred while \output is active
  [] [][] [][][][] [][][] [][][][][][][] [][][][][][][][][] [][][][][][][][][][
][] [][] [][][][][][][][] [][] [][][][][][][][][][][][][][][][][][][][][][][][]
[]  
 []

[21

 <./figures/CERN's-accelerator-complex2013.jpg>]
<figures/lhc-t.png, id=2362, 559.33969pt x 315.42844pt>
File: figures/lhc-t.png Graphic file (type png)
<use figures/lhc-t.png>
Package pdftex.def Info: figures/lhc-t.png  used on input line 425.
(pdftex.def)             Requested size: 279.66916pt x 157.71382pt.
File: unison-logo.png Graphic file (type png)
<use unison-logo.png>
Package pdftex.def Info: unison-logo.png  used on input line 425.
(pdftex.def)             Requested size: 32.12187pt x 32.12187pt.

Overfull \hbox (171.68256pt too wide) has occurred while \output is active
  [] [][] [][][][] [][][] [][][][][][][] [][][][][][][][][] [][][][][][][][][][
][] [][] [][][][][][][][] [][] [][][][][][][][][][][][][][][][][][][][][][][][]
[]  
 []

[22

 <./figures/lhc-t.png (PNG copy)>]
File: unison-logo.png Graphic file (type png)
<use unison-logo.png>
Package pdftex.def Info: unison-logo.png  used on input line 448.
(pdftex.def)             Requested size: 32.12187pt x 32.12187pt.

Overfull \hbox (171.68256pt too wide) has occurred while \output is active
  [] [][] [][][][] [][][] [][][][][][][] [][][][][][][][][] [][][][][][][][][][
][] [][] [][][][][][][][] [][] [][][][][][][][][][][][][][][][][][][][][][][][]
[]  
 []

[23

]
<figures/cms.png, id=2559, 3189.9175pt x 2253.41875pt>
File: figures/cms.png Graphic file (type png)
<use figures/cms.png>
Package pdftex.def Info: figures/cms.png  used on input line 458.
(pdftex.def)             Requested size: 255.19861pt x 180.27718pt.
File: unison-logo.png Graphic file (type png)
<use unison-logo.png>
Package pdftex.def Info: unison-logo.png  used on input line 458.
(pdftex.def)             Requested size: 32.12187pt x 32.12187pt.

Overfull \hbox (171.68256pt too wide) has occurred while \output is active
  [] [][] [][][][] [][][] [][][][][][][] [][][][][][][][][] [][][][][][][][][][
][] [][] [][][][][][][][] [][] [][][][][][][][][][][][][][][][][][][][][][][][]
[]  
 []

[24

 <./figures/cms.png>]
<figures/cms_lumi.png, id=2658, 815.045pt x 646.415pt>
File: figures/cms_lumi.png Graphic file (type png)
<use figures/cms_lumi.png>
Package pdftex.def Info: figures/cms_lumi.png  used on input line 468.
(pdftex.def)             Requested size: 187.4564pt x 148.67232pt.
File: unison-logo.png Graphic file (type png)
<use unison-logo.png>
Package pdftex.def Info: unison-logo.png  used on input line 468.
(pdftex.def)             Requested size: 32.12187pt x 32.12187pt.

Overfull \hbox (171.68256pt too wide) has occurred while \output is active
  [] [][] [][][][] [][][] [][][][][][][] [][][][][][][][][] [][][][][][][][][][
][] [][] [][][][][][][][] [][] [][][][][][][][][][][][][][][][][][][][][][][][]
[]  
 []

[25

 <./figures/cms_lumi.png>]
<figures/jet.png, id=2760, 201.75375pt x 321.45094pt>
File: figures/jet.png Graphic file (type png)
<use figures/jet.png>
Package pdftex.def Info: figures/jet.png  used on input line 498.
(pdftex.def)             Requested size: 100.87662pt x 160.72507pt.
File: unison-logo.png Graphic file (type png)
<use unison-logo.png>
Package pdftex.def Info: unison-logo.png  used on input line 498.
(pdftex.def)             Requested size: 32.12187pt x 32.12187pt.

Overfull \hbox (171.68256pt too wide) has occurred while \output is active
  [] [][] [][][][] [][][] [][][][][][][] [][][][][][][][][] [][][][][][][][][][
][] [][] [][][][][][][][] [][] [][][][][][][][][][][][][][][][][][][][][][][][]
[]  
 []

[26

 <./figures/jet.png (PNG copy)>]
File: unison-logo.png Graphic file (type png)
<use unison-logo.png>
Package pdftex.def Info: unison-logo.png  used on input line 512.
(pdftex.def)             Requested size: 32.12187pt x 32.12187pt.

Overfull \hbox (171.68256pt too wide) has occurred while \output is active
  [] [][] [][][][] [][][] [][][][][][][] [][][][][][][][][] [][][][][][][][][][
][] [][] [][][][][][][][] [][] [][][][][][][][][][][][][][][][][][][][][][][][]
[]  
 []

[27

]
File: unison-logo.png Graphic file (type png)
<use unison-logo.png>
Package pdftex.def Info: unison-logo.png  used on input line 526.
(pdftex.def)             Requested size: 32.12187pt x 32.12187pt.

Overfull \hbox (171.68256pt too wide) has occurred while \output is active
  [] [][] [][][][] [][][] [][][][][][][] [][][][][][][][][] [][][][][][][][][][
][] [][] [][][][][][][][] [][] [][][][][][][][][][][][][][][][][][][][][][][][]
[]  
 []

[28

]
<figures/tth-table.png, id=3062, 321.2pt x 527.9725pt>
File: figures/tth-table.png Graphic file (type png)
<use figures/tth-table.png>
Package pdftex.def Info: figures/tth-table.png  used on input line 549.
(pdftex.def)             Requested size: 128.47772pt x 211.18526pt.
<figures/bdt.png, id=3063, 439.6425pt x 550.055pt>
File: figures/bdt.png Graphic file (type png)
<use figures/bdt.png>
Package pdftex.def Info: figures/bdt.png  used on input line 549.
(pdftex.def)             Requested size: 131.89375pt x 165.01776pt.

Overfull \vbox (20.10895pt too high) detected at line 549
 []

File: unison-logo.png Graphic file (type png)
<use unison-logo.png>
Package pdftex.def Info: unison-logo.png  used on input line 549.
(pdftex.def)             Requested size: 32.12187pt x 32.12187pt.

Overfull \hbox (171.68256pt too wide) has occurred while \output is active
  [] [][] [][][][] [][][] [][][][][][][] [][][][][][][][][] [][][][][][][][][][
][] [][] [][][][][][][][] [][] [][][][][][][][][][][][][][][][][][][][][][][][]
[]  
 []

[29

 <./figures/tth-table.png> <./figures/bdt.png>]
<figures/sc.png, id=3166, 580.1675pt x 565.11125pt>
File: figures/sc.png Graphic file (type png)
<use figures/sc.png>
Package pdftex.def Info: figures/sc.png  used on input line 558.
(pdftex.def)             Requested size: 174.05157pt x 169.53468pt.
File: unison-logo.png Graphic file (type png)
<use unison-logo.png>
Package pdftex.def Info: unison-logo.png  used on input line 558.
(pdftex.def)             Requested size: 32.12187pt x 32.12187pt.

Overfull \hbox (171.68256pt too wide) has occurred while \output is active
  [] [][] [][][][] [][][] [][][][][][][] [][][][][][][][][] [][][][][][][][][][
][] [][] [][][][][][][][] [][] [][][][][][][][][][][][][][][][][][][][][][][][]
[]  
 []

[30

 <./figures/sc.png>]
File: unison-logo.png Graphic file (type png)
<use unison-logo.png>
Package pdftex.def Info: unison-logo.png  used on input line 573.
(pdftex.def)             Requested size: 32.12187pt x 32.12187pt.

Overfull \hbox (171.68256pt too wide) has occurred while \output is active
  [] [][] [][][][] [][][] [][][][][][][] [][][][][][][][][] [][][][][][][][][][
][] [][] [][][][][][][][] [][] [][][][][][][][][][][][][][][][][][][][][][][][]
[]  
 []

[31

]
File: unison-logo.png Graphic file (type png)
<use unison-logo.png>
Package pdftex.def Info: unison-logo.png  used on input line 587.
(pdftex.def)             Requested size: 32.12187pt x 32.12187pt.

Overfull \hbox (171.68256pt too wide) has occurred while \output is active
  [] [][] [][][][] [][][] [][][][][][][] [][][][][][][][][] [][][][][][][][][][
][] [][] [][][][][][][][] [][] [][][][][][][][][][][][][][][][][][][][][][][][]
[]  
 []

[32

]
Overfull \hbox (55.18831pt too wide) in paragraph at lines 606--606
[][]  
 []

File: unison-logo.png Graphic file (type png)
<use unison-logo.png>
Package pdftex.def Info: unison-logo.png  used on input line 606.
(pdftex.def)             Requested size: 32.12187pt x 32.12187pt.

Overfull \hbox (171.68256pt too wide) has occurred while \output is active
  [] [][] [][][][] [][][] [][][][][][][] [][][][][][][][][] [][][][][][][][][][
][] [][] [][][][][][][][] [][] [][][][][][][][][][][][][][][][][][][][][][][][]
[]  
 []

[33

]
File: unison-logo.png Graphic file (type png)
<use unison-logo.png>
Package pdftex.def Info: unison-logo.png  used on input line 618.
(pdftex.def)             Requested size: 32.12187pt x 32.12187pt.

Overfull \hbox (171.68256pt too wide) has occurred while \output is active
  [] [][] [][][][] [][][] [][][][][][][] [][][][][][][][][] [][][][][][][][][][
][] [][] [][][][][][][][] [][] [][][][][][][][][][][][][][][][][][][][][][][][]
[]  
 []

[34

]
File: unison-logo.png Graphic file (type png)
<use unison-logo.png>
Package pdftex.def Info: unison-logo.png  used on input line 635.
(pdftex.def)             Requested size: 32.12187pt x 32.12187pt.

Overfull \hbox (171.68256pt too wide) has occurred while \output is active
  [] [][] [][][][] [][][] [][][][][][][] [][][][][][][][][] [][][][][][][][][][
][] [][] [][][][][][][][] [][] [][][][][][][][][][][][][][][][][][][][][][][][]
[]  
 []

[35

]
File: unison-logo.png Graphic file (type png)
<use unison-logo.png>
Package pdftex.def Info: unison-logo.png  used on input line 654.
(pdftex.def)             Requested size: 32.12187pt x 32.12187pt.

Overfull \hbox (171.68256pt too wide) has occurred while \output is active
  [] [][] [][][][] [][][] [][][][][][][] [][][][][][][][][] [][][][][][][][][][
][] [][] [][][][][][][][] [][] [][][][][][][][][][][][][][][][][][][][][][][][]
[]  
 []

[36

]
File: unison-logo.png Graphic file (type png)
<use unison-logo.png>
Package pdftex.def Info: unison-logo.png  used on input line 690.
(pdftex.def)             Requested size: 32.12187pt x 32.12187pt.

Overfull \hbox (171.68256pt too wide) has occurred while \output is active
  [] [][] [][][][] [][][] [][][][][][][] [][][][][][][][][] [][][][][][][][][][
][] [][] [][][][][][][][] [][] [][][][][][][][][][][][][][][][][][][][][][][][]
[]  
 []

[37

]
File: unison-logo.png Graphic file (type png)
<use unison-logo.png>
Package pdftex.def Info: unison-logo.png  used on input line 715.
(pdftex.def)             Requested size: 32.12187pt x 32.12187pt.

Overfull \hbox (171.68256pt too wide) has occurred while \output is active
  [] [][] [][][][] [][][] [][][][][][][] [][][][][][][][][] [][][][][][][][][][
][] [][] [][][][][][][][] [][] [][][][][][][][][][][][][][][][][][][][][][][][]
[]  
 []

[38

]
<figures/fit-box.png, id=4054, 721.69624pt x 325.215pt>
File: figures/fit-box.png Graphic file (type png)
<use figures/fit-box.png>
Package pdftex.def Info: figures/fit-box.png  used on input line 729.
(pdftex.def)             Requested size: 298.75394pt x 134.62427pt.
File: unison-logo.png Graphic file (type png)
<use unison-logo.png>
Package pdftex.def Info: unison-logo.png  used on input line 729.
(pdftex.def)             Requested size: 32.12187pt x 32.12187pt.

Overfull \hbox (171.68256pt too wide) has occurred while \output is active
  [] [][] [][][][] [][][] [][][][][][][] [][][][][][][][][] [][][][][][][][][][
][] [][] [][][][][][][][] [][] [][][][][][][][][][][][][][][][][][][][][][][][]
[]  
 []

[39

 <./figures/fit-box.png>]
File: unison-logo.png Graphic file (type png)
<use unison-logo.png>
Package pdftex.def Info: unison-logo.png  used on input line 745.
(pdftex.def)             Requested size: 32.12187pt x 32.12187pt.

Overfull \hbox (171.68256pt too wide) has occurred while \output is active
  [] [][] [][][][] [][][] [][][][][][][] [][][][][][][][][] [][][][][][][][][][
][] [][] [][][][][][][][] [][] [][][][][][][][][][][][][][][][][][][][][][][][]
[]  
 []

[40

]
File: unison-logo.png Graphic file (type png)
<use unison-logo.png>
Package pdftex.def Info: unison-logo.png  used on input line 775.
(pdftex.def)             Requested size: 32.12187pt x 32.12187pt.

Overfull \hbox (171.68256pt too wide) has occurred while \output is active
  [] [][] [][][][] [][][] [][][][][][][] [][][][][][][][][] [][][][][][][][][][
][] [][] [][][][][][][][] [][] [][][][][][][][][][][][][][][][][][][][][][][][]
[]  
 []

[41

]
<figures/kin.png, id=4349, 903.375pt x 903.375pt>
File: figures/kin.png Graphic file (type png)
<use figures/kin.png>
Package pdftex.def Info: figures/kin.png  used on input line 798.
(pdftex.def)             Requested size: 170.70569pt x 142.25475pt.

Overfull \hbox (17.06076pt too wide) in paragraph at lines 798--798
 [] 
 []

<figures/simple.png, id=4350, 903.375pt x 903.375pt>
File: figures/simple.png Graphic file (type png)
<use figures/simple.png>
Package pdftex.def Info: figures/simple.png  used on input line 798.
(pdftex.def)             Requested size: 170.70569pt x 142.25475pt.

Overfull \hbox (17.06076pt too wide) in paragraph at lines 798--798
 [] 
 []

File: unison-logo.png Graphic file (type png)
<use unison-logo.png>
Package pdftex.def Info: unison-logo.png  used on input line 798.
(pdftex.def)             Requested size: 32.12187pt x 32.12187pt.

Overfull \hbox (171.68256pt too wide) has occurred while \output is active
  [] [][] [][][][] [][][] [][][][][][][] [][][][][][][][][] [][][][][][][][][][
][] [][] [][][][][][][][] [][] [][][][][][][][][][][][][][][][][][][][][][][][]
[]  
 []

[42

 <./figures/kin.png> <./figures/simple.png>]
File: unison-logo.png Graphic file (type png)
<use unison-logo.png>
Package pdftex.def Info: unison-logo.png  used on input line 826.
(pdftex.def)             Requested size: 32.12187pt x 32.12187pt.

Overfull \hbox (171.68256pt too wide) has occurred while \output is active
  [] [][] [][][][] [][][] [][][][][][][] [][][][][][][][][] [][][][][][][][][][
][] [][] [][][][][][][][] [][] [][][][][][][][][][][][][][][][][][][][][][][][]
[]  
 []

[43

]
<figures/kin-kt-1.png, id=4548, 903.375pt x 903.375pt>
File: figures/kin-kt-1.png Graphic file (type png)
<use figures/kin-kt-1.png>
Package pdftex.def Info: figures/kin-kt-1.png  used on input line 849.
(pdftex.def)             Requested size: 170.70569pt x 142.25475pt.

Overfull \hbox (17.06076pt too wide) in paragraph at lines 849--849
 [] 
 []

<figures/simple-kt-1.png, id=4549, 903.375pt x 903.375pt>
File: figures/simple-kt-1.png Graphic file (type png)
<use figures/simple-kt-1.png>
Package pdftex.def Info: figures/simple-kt-1.png  used on input line 849.
(pdftex.def)             Requested size: 170.70569pt x 142.25475pt.

Overfull \hbox (17.06076pt too wide) in paragraph at lines 849--849
 [] 
 []

File: unison-logo.png Graphic file (type png)
<use unison-logo.png>
Package pdftex.def Info: unison-logo.png  used on input line 849.
(pdftex.def)             Requested size: 32.12187pt x 32.12187pt.

Overfull \hbox (171.68256pt too wide) has occurred while \output is active
  [] [][] [][][][] [][][] [][][][][][][] [][][][][][][][][] [][][][][][][][][][
][] [][] [][][][][][][][] [][] [][][][][][][][][][][][][][][][][][][][][][][][]
[]  
 []

[44

 <./figures/kin-kt-1.png> <./figures/simple-kt-1.png>]
File: unison-logo.png Graphic file (type png)
<use unison-logo.png>
Package pdftex.def Info: unison-logo.png  used on input line 872.
(pdftex.def)             Requested size: 32.12187pt x 32.12187pt.

Overfull \hbox (171.68256pt too wide) has occurred while \output is active
  [] [][] [][][][] [][][] [][][][][][][] [][][][][][][][][] [][][][][][][][][][
][] [][] [][][][][][][][] [][] [][][][][][][][][][][][][][][][][][][][][][][][]
[]  
 []

[45

]
<figures/Likelihood.png, id=4751, 1200.485pt x 875.27pt>
File: figures/Likelihood.png Graphic file (type png)
<use figures/Likelihood.png>
Package pdftex.def Info: figures/Likelihood.png  used on input line 894.
(pdftex.def)             Requested size: 170.70453pt x 142.26308pt.

Overfull \hbox (17.0596pt too wide) in paragraph at lines 894--894
 [] 
 []

<figures/Likelihood-kt-1.png, id=4752, 1200.485pt x 875.27pt>
File: figures/Likelihood-kt-1.png Graphic file (type png)
<use figures/Likelihood-kt-1.png>
Package pdftex.def Info: figures/Likelihood-kt-1.png  used on input line 894.
(pdftex.def)             Requested size: 170.70453pt x 142.26308pt.

Overfull \hbox (17.0596pt too wide) in paragraph at lines 894--894
 [] 
 []

File: unison-logo.png Graphic file (type png)
<use unison-logo.png>
Package pdftex.def Info: unison-logo.png  used on input line 894.
(pdftex.def)             Requested size: 32.12187pt x 32.12187pt.

Overfull \hbox (171.68256pt too wide) has occurred while \output is active
  [] [][] [][][][] [][][] [][][][][][][] [][][][][][][][][] [][][][][][][][][][
][] [][] [][][][][][][][] [][] [][][][][][][][][][][][][][][][][][][][][][][][]
[]  
 []

[46

 <./figures/Likelihood.png> <./figures/Likelihood-kt-1.png>]
File: unison-logo.png Graphic file (type png)
<use unison-logo.png>
Package pdftex.def Info: unison-logo.png  used on input line 899.
(pdftex.def)             Requested size: 32.12187pt x 32.12187pt.

Overfull \hbox (171.68256pt too wide) has occurred while \output is active
  [] [][] [][][][] [][][] [][][][][][][] [][][][][][][][][] [][][][][][][][][][
][] [][] [][][][][][][][] [][] [][][][][][][][][][][][][][][][][][][][][][][][]
[]  
 []

[47

]
File: figures/kin.png Graphic file (type png)
<use figures/kin.png>
Package pdftex.def Info: figures/kin.png  used on input line 913.
(pdftex.def)             Requested size: 113.80379pt x 85.35284pt.
<figures/150fb/kin.png, id=4949, 903.375pt x 903.375pt>
File: figures/150fb/kin.png Graphic file (type png)
<use figures/150fb/kin.png>
Package pdftex.def Info: figures/150fb/kin.png  used on input line 913.
(pdftex.def)             Requested size: 113.80379pt x 85.35284pt.
<figures/300fb/kin-300.png, id=4950, 903.375pt x 903.375pt>
File: figures/300fb/kin-300.png Graphic file (type png)
<use figures/300fb/kin-300.png>
Package pdftex.def Info: figures/300fb/kin-300.png  used on input line 913.
(pdftex.def)             Requested size: 113.80379pt x 85.35284pt.
<figures/3000fb/kin-3000.png, id=4951, 903.375pt x 903.375pt>
File: figures/3000fb/kin-3000.png Graphic file (type png)
<use figures/3000fb/kin-3000.png>
Package pdftex.def Info: figures/3000fb/kin-3000.png  used on input line 913.
(pdftex.def)             Requested size: 113.80379pt x 85.35284pt.
File: unison-logo.png Graphic file (type png)
<use unison-logo.png>
Package pdftex.def Info: unison-logo.png  used on input line 913.
(pdftex.def)             Requested size: 32.12187pt x 32.12187pt.

Overfull \hbox (171.68256pt too wide) has occurred while \output is active
  [] [][] [][][][] [][][] [][][][][][][] [][][][][][][][][] [][][][][][][][][][
][] [][] [][][][][][][][] [][] [][][][][][][][][][][][][][][][][][][][][][][][]
[]  
 []

[48

 <./figures/150fb/kin.png> <./figures/300fb/kin-300.png> <./figures/3000fb/kin-
3000.png>]
LaTeX Font Info:    Try loading font information for T1+lmtt on input line 928.

 (/usr/share/texmf-dist/tex/latex/lm/t1lmtt.fd
File: t1lmtt.fd 2009/10/30 v1.6 Font defs for Latin Modern
)
File: unison-logo.png Graphic file (type png)
<use unison-logo.png>
Package pdftex.def Info: unison-logo.png  used on input line 928.
(pdftex.def)             Requested size: 32.12187pt x 32.12187pt.

Overfull \hbox (171.68256pt too wide) has occurred while \output is active
  [] [][] [][][][] [][][] [][][][][][][] [][][][][][][][][] [][][][][][][][][][
][] [][] [][][][][][][][] [][] [][][][][][][][][][][][][][][][][][][][][][][][]
[]  
 []

[49

 </usr/share/texmf-dist/tex/latex/beamer/beamericonarticle.pdf>]
File: unison-logo.png Graphic file (type png)
<use unison-logo.png>
Package pdftex.def Info: unison-logo.png  used on input line 941.
(pdftex.def)             Requested size: 32.12187pt x 32.12187pt.

Overfull \hbox (171.68256pt too wide) has occurred while \output is active
  [] [][] [][][][] [][][] [][][][][][][] [][][][][][][][][] [][][][][][][][][][
][] [][] [][][][][][][][] [][] [][][][][][][][][][][][][][][][][][][][][][][][]
[]  
 []

[50

]
File: unison-logo.png Graphic file (type png)
<use unison-logo.png>
Package pdftex.def Info: unison-logo.png  used on input line 947.
(pdftex.def)             Requested size: 32.12187pt x 32.12187pt.

Overfull \hbox (171.68256pt too wide) has occurred while \output is active
  [] [][] [][][][] [][][] [][][][][][][] [][][][][][][][][] [][][][][][][][][][
][] [][] [][][][][][][][] [][] [][][][][][][][][][][][][][][][][][][][][][][][]
[]  
 []

[51

]
File: unison-logo.png Graphic file (type png)
<use unison-logo.png>
Package pdftex.def Info: unison-logo.png  used on input line 959.
(pdftex.def)             Requested size: 32.12187pt x 32.12187pt.

Overfull \hbox (171.68256pt too wide) has occurred while \output is active
  [] [][] [][][][] [][][] [][][][][][][] [][][][][][][][][] [][][][][][][][][][
][] [][] [][][][][][][][] [][] [][][][][][][][][][][][][][][][][][][][][][][][]
[]  
 []

[52

]
<figures/sk.png, id=5455, 490.08093pt x 386.94562pt>
File: figures/sk.png Graphic file (type png)
<use figures/sk.png>
Package pdftex.def Info: figures/sk.png  used on input line 967.
(pdftex.def)             Requested size: 245.03987pt x 193.47234pt.
File: unison-logo.png Graphic file (type png)
<use unison-logo.png>
Package pdftex.def Info: unison-logo.png  used on input line 967.
(pdftex.def)             Requested size: 32.12187pt x 32.12187pt.

Overfull \hbox (171.68256pt too wide) has occurred while \output is active
  [] [][] [][][][] [][][] [][][][][][][] [][][][][][][][][] [][][][][][][][][][
][] [][] [][][][][][][][] [][] [][][][][][][][][][][][][][][][][][][][][][][][]
[]  
 []

[53

 <./figures/sk.png (PNG copy)>]
File: unison-logo.png Graphic file (type png)
<use unison-logo.png>
Package pdftex.def Info: unison-logo.png  used on input line 985.
(pdftex.def)             Requested size: 32.12187pt x 32.12187pt.

Overfull \hbox (171.68256pt too wide) has occurred while \output is active
  [] [][] [][][][] [][][] [][][][][][][] [][][][][][][][][] [][][][][][][][][][
][] [][] [][][][][][][][] [][] [][][][][][][][][][][][][][][][][][][][][][][][]
[]  
 []

[54

]
File: unison-logo.png Graphic file (type png)
<use unison-logo.png>
Package pdftex.def Info: unison-logo.png  used on input line 1009.
(pdftex.def)             Requested size: 32.12187pt x 32.12187pt.

Overfull \hbox (171.68256pt too wide) has occurred while \output is active
  [] [][] [][][][] [][][] [][][][][][][] [][][][][][][][][] [][][][][][][][][][
][] [][] [][][][][][][][] [][] [][][][][][][][][][][][][][][][][][][][][][][][]
[]  
 []

[55

]
File: unison-logo.png Graphic file (type png)
<use unison-logo.png>
Package pdftex.def Info: unison-logo.png  used on input line 1029.
(pdftex.def)             Requested size: 32.12187pt x 32.12187pt.

Overfull \hbox (171.68256pt too wide) has occurred while \output is active
  [] [][] [][][][] [][][] [][][][][][][] [][][][][][][][][] [][][][][][][][][][
][] [][] [][][][][][][][] [][] [][][][][][][][][][][][][][][][][][][][][][][][]
[]  
 []

[56

]
File: unison-logo.png Graphic file (type png)
<use unison-logo.png>
Package pdftex.def Info: unison-logo.png  used on input line 1040.
(pdftex.def)             Requested size: 32.12187pt x 32.12187pt.

Overfull \hbox (171.68256pt too wide) has occurred while \output is active
  [] [][] [][][][] [][][] [][][][][][][] [][][][][][][][][] [][][][][][][][][][
][] [][] [][][][][][][][] [][] [][][][][][][][][][][][][][][][][][][][][][][][]
[]  
 []

[57

]
File: unison-logo.png Graphic file (type png)
<use unison-logo.png>
Package pdftex.def Info: unison-logo.png  used on input line 1058.
(pdftex.def)             Requested size: 32.12187pt x 32.12187pt.

Overfull \hbox (171.68256pt too wide) has occurred while \output is active
  [] [][] [][][][] [][][] [][][][][][][] [][][][][][][][][] [][][][][][][][][][
][] [][] [][][][][][][][] [][] [][][][][][][][][][][][][][][][][][][][][][][][]
[]  
 []

[58

]
File: unison-logo.png Graphic file (type png)
<use unison-logo.png>
Package pdftex.def Info: unison-logo.png  used on input line 1071.
(pdftex.def)             Requested size: 32.12187pt x 32.12187pt.

Overfull \hbox (171.68256pt too wide) has occurred while \output is active
  [] [][] [][][][] [][][] [][][][][][][] [][][][][][][][][] [][][][][][][][][][
][] [][] [][][][][][][][] [][] [][][][][][][][][][][][][][][][][][][][][][][][]
[]  
 []

[59

]
File: unison-logo.png Graphic file (type png)
<use unison-logo.png>
Package pdftex.def Info: unison-logo.png  used on input line 1088.
(pdftex.def)             Requested size: 32.12187pt x 32.12187pt.

Overfull \hbox (171.68256pt too wide) has occurred while \output is active
  [] [][] [][][][] [][][] [][][][][][][] [][][][][][][][][] [][][][][][][][][][
][] [][] [][][][][][][][] [][] [][][][][][][][][][][][][][][][][][][][][][][][]
[]  
 []

[60

]
File: unison-logo.png Graphic file (type png)
<use unison-logo.png>
Package pdftex.def Info: unison-logo.png  used on input line 1104.
(pdftex.def)             Requested size: 32.12187pt x 32.12187pt.

Overfull \hbox (171.68256pt too wide) has occurred while \output is active
  [] [][] [][][][] [][][] [][][][][][][] [][][][][][][][][] [][][][][][][][][][
][] [][] [][][][][][][][] [][] [][][][][][][][][][][][][][][][][][][][][][][][]
[]  
 []

[61

]
File: unison-logo.png Graphic file (type png)
<use unison-logo.png>
Package pdftex.def Info: unison-logo.png  used on input line 1118.
(pdftex.def)             Requested size: 32.12187pt x 32.12187pt.

Overfull \hbox (171.68256pt too wide) has occurred while \output is active
  [] [][] [][][][] [][][] [][][][][][][] [][][][][][][][][] [][][][][][][][][][
][] [][] [][][][][][][][] [][] [][][][][][][][][][][][][][][][][][][][][][][][]
[]  
 []

[62

]
File: unison-logo.png Graphic file (type png)
<use unison-logo.png>
Package pdftex.def Info: unison-logo.png  used on input line 1131.
(pdftex.def)             Requested size: 32.12187pt x 32.12187pt.

Overfull \hbox (171.68256pt too wide) has occurred while \output is active
  [] [][] [][][][] [][][] [][][][][][][] [][][][][][][][][] [][][][][][][][][][
][] [][] [][][][][][][][] [][] [][][][][][][][][][][][][][][][][][][][][][][][]
[]  
 []

[63

]
<figures/tmu.png, id=6540, 1369.115pt x 687.56876pt>
File: figures/tmu.png Graphic file (type png)
<use figures/tmu.png>
Package pdftex.def Info: figures/tmu.png  used on input line 1141.
(pdftex.def)             Requested size: 342.27791pt x 171.89177pt.

Overfull \hbox (34.98804pt too wide) in paragraph at lines 1141--1141
 [] 
 []

File: unison-logo.png Graphic file (type png)
<use unison-logo.png>
Package pdftex.def Info: unison-logo.png  used on input line 1141.
(pdftex.def)             Requested size: 32.12187pt x 32.12187pt.

Overfull \hbox (171.68256pt too wide) has occurred while \output is active
  [] [][] [][][][] [][][] [][][][][][][] [][][][][][][][][] [][][][][][][][][][
][] [][] [][][][][][][][] [][] [][][][][][][][][][][][][][][][][][][][][][][][]
[]  
 []

[64

 <./figures/tmu.png>]
File: unison-logo.png Graphic file (type png)
<use unison-logo.png>
Package pdftex.def Info: unison-logo.png  used on input line 1151.
(pdftex.def)             Requested size: 32.12187pt x 32.12187pt.

Overfull \hbox (171.68256pt too wide) has occurred while \output is active
  [] [][] [][][][] [][][] [][][][][][][] [][][][][][][][][] [][][][][][][][][][
][] [][] [][][][][][][][] [][] [][][][][][][][][][][][][][][][][][][][][][][][]
[]  
 []

[65

]
<figures/nos.png, id=6738, 1202.4925pt x 638.385pt>
File: figures/nos.png Graphic file (type png)
<use figures/nos.png>
Package pdftex.def Info: figures/nos.png  used on input line 1161.
(pdftex.def)             Requested size: 300.62239pt x 159.59586pt.
File: unison-logo.png Graphic file (type png)
<use unison-logo.png>
Package pdftex.def Info: unison-logo.png  used on input line 1161.
(pdftex.def)             Requested size: 32.12187pt x 32.12187pt.

Overfull \hbox (171.68256pt too wide) has occurred while \output is active
  [] [][] [][][][] [][][] [][][][][][][] [][][][][][][][][] [][][][][][][][][][
][] [][] [][][][][][][][] [][] [][][][][][][][][][][][][][][][][][][][][][][][]
[]  
 []

[66

 <./figures/nos.png>]
File: figures/150fb/kin.png Graphic file (type png)
<use figures/150fb/kin.png>
Package pdftex.def Info: figures/150fb/kin.png  used on input line 1181.
(pdftex.def)             Requested size: 170.70569pt x 170.70569pt.

Overfull \hbox (22.06076pt too wide) in paragraph at lines 1181--1181
 [] 
 []

<figures/150fb/simple.png, id=6837, 903.375pt x 903.375pt>
File: figures/150fb/simple.png Graphic file (type png)
<use figures/150fb/simple.png>
Package pdftex.def Info: figures/150fb/simple.png  used on input line 1181.
(pdftex.def)             Requested size: 170.70569pt x 170.70569pt.

Overfull \hbox (22.06076pt too wide) in paragraph at lines 1181--1181
 [] 
 []


Overfull \vbox (14.82343pt too high) detected at line 1181
 []

File: unison-logo.png Graphic file (type png)
<use unison-logo.png>
Package pdftex.def Info: unison-logo.png  used on input line 1181.
(pdftex.def)             Requested size: 32.12187pt x 32.12187pt.

Overfull \hbox (171.68256pt too wide) has occurred while \output is active
  [] [][] [][][][] [][][] [][][][][][][] [][][][][][][][][] [][][][][][][][][][
][] [][] [][][][][][][][] [][] [][][][][][][][][][][][][][][][][][][][][][][][]
[]  
 []

[67

 <./figures/150fb/simple.png>]
File: unison-logo.png Graphic file (type png)
<use unison-logo.png>
Package pdftex.def Info: unison-logo.png  used on input line 1207.
(pdftex.def)             Requested size: 32.12187pt x 32.12187pt.

Overfull \hbox (171.68256pt too wide) has occurred while \output is active
  [] [][] [][][][] [][][] [][][][][][][] [][][][][][][][][] [][][][][][][][][][
][] [][] [][][][][][][][] [][] [][][][][][][][][][][][][][][][][][][][][][][][]
[]  
 []

[68

]
<figures/150fb/Likelihood.png, id=7034, 903.375pt x 903.375pt>
File: figures/150fb/Likelihood.png Graphic file (type png)
<use figures/150fb/Likelihood.png>
Package pdftex.def Info: figures/150fb/Likelihood.png  used on input line 1218.

(pdftex.def)             Requested size: 225.8432pt x 225.8432pt.

Overfull \vbox (14.06653pt too high) detected at line 1218
 []

File: unison-logo.png Graphic file (type png)
<use unison-logo.png>
Package pdftex.def Info: unison-logo.png  used on input line 1218.
(pdftex.def)             Requested size: 32.12187pt x 32.12187pt.

Overfull \hbox (171.68256pt too wide) has occurred while \output is active
  [] [][] [][][][] [][][] [][][][][][][] [][][][][][][][][] [][][][][][][][][][
][] [][] [][][][][][][][] [][] [][][][][][][][][][][][][][][][][][][][][][][][]
[]  
 []

[69

 <./figures/150fb/Likelihood.png>]
File: figures/300fb/kin-300.png Graphic file (type png)
<use figures/300fb/kin-300.png>
Package pdftex.def Info: figures/300fb/kin-300.png  used on input line 1238.
(pdftex.def)             Requested size: 170.70569pt x 170.70569pt.

Overfull \hbox (22.06076pt too wide) in paragraph at lines 1238--1238
 [] 
 []

<figures/300fb/simple.png, id=7133, 903.375pt x 903.375pt>
File: figures/300fb/simple.png Graphic file (type png)
<use figures/300fb/simple.png>
Package pdftex.def Info: figures/300fb/simple.png  used on input line 1238.
(pdftex.def)             Requested size: 170.70569pt x 170.70569pt.

Overfull \hbox (22.06076pt too wide) in paragraph at lines 1238--1238
 [] 
 []


Overfull \vbox (14.82343pt too high) detected at line 1238
 []

File: unison-logo.png Graphic file (type png)
<use unison-logo.png>
Package pdftex.def Info: unison-logo.png  used on input line 1238.
(pdftex.def)             Requested size: 32.12187pt x 32.12187pt.

Overfull \hbox (171.68256pt too wide) has occurred while \output is active
  [] [][] [][][][] [][][] [][][][][][][] [][][][][][][][][] [][][][][][][][][][
][] [][] [][][][][][][][] [][] [][][][][][][][][][][][][][][][][][][][][][][][]
[]  
 []

[70

 <./figures/300fb/simple.png>]
File: unison-logo.png Graphic file (type png)
<use unison-logo.png>
Package pdftex.def Info: unison-logo.png  used on input line 1263.
(pdftex.def)             Requested size: 32.12187pt x 32.12187pt.

Overfull \hbox (171.68256pt too wide) has occurred while \output is active
  [] [][] [][][][] [][][] [][][][][][][] [][][][][][][][][] [][][][][][][][][][
][] [][] [][][][][][][][] [][] [][][][][][][][][][][][][][][][][][][][][][][][]
[]  
 []

[71

]
<figures/300fb/Likelihood.png, id=7330, 1200.485pt x 875.27pt>
File: figures/300fb/Likelihood.png Graphic file (type png)
<use figures/300fb/Likelihood.png>
Package pdftex.def Info: figures/300fb/Likelihood.png  used on input line 1274.

(pdftex.def)             Requested size: 300.12051pt x 218.81696pt.

Overfull \vbox (7.04028pt too high) detected at line 1274
 []

File: unison-logo.png Graphic file (type png)
<use unison-logo.png>
Package pdftex.def Info: unison-logo.png  used on input line 1274.
(pdftex.def)             Requested size: 32.12187pt x 32.12187pt.

Overfull \hbox (171.68256pt too wide) has occurred while \output is active
  [] [][] [][][][] [][][] [][][][][][][] [][][][][][][][][] [][][][][][][][][][
][] [][] [][][][][][][][] [][] [][][][][][][][][][][][][][][][][][][][][][][][]
[]  
 []

[72

 <./figures/300fb/Likelihood.png>]
File: figures/3000fb/kin-3000.png Graphic file (type png)
<use figures/3000fb/kin-3000.png>
Package pdftex.def Info: figures/3000fb/kin-3000.png  used on input line 1297.
(pdftex.def)             Requested size: 170.70569pt x 170.70569pt.

Overfull \hbox (22.06076pt too wide) in paragraph at lines 1297--1297
 [] 
 []

<figures/3000fb/simple.png, id=7429, 903.375pt x 903.375pt>
File: figures/3000fb/simple.png Graphic file (type png)
<use figures/3000fb/simple.png>
Package pdftex.def Info: figures/3000fb/simple.png  used on input line 1297.
(pdftex.def)             Requested size: 170.70569pt x 170.70569pt.

Overfull \hbox (22.06076pt too wide) in paragraph at lines 1297--1297
 [] 
 []


Overfull \vbox (14.82343pt too high) detected at line 1297
 []

File: unison-logo.png Graphic file (type png)
<use unison-logo.png>
Package pdftex.def Info: unison-logo.png  used on input line 1297.
(pdftex.def)             Requested size: 32.12187pt x 32.12187pt.

Overfull \hbox (171.68256pt too wide) has occurred while \output is active
  [] [][] [][][][] [][][] [][][][][][][] [][][][][][][][][] [][][][][][][][][][
][] [][] [][][][][][][][] [][] [][][][][][][][][][][][][][][][][][][][][][][][]
[]  
 []

[73

 <./figures/3000fb/simple.png>]
File: unison-logo.png Graphic file (type png)
<use unison-logo.png>
Package pdftex.def Info: unison-logo.png  used on input line 1324.
(pdftex.def)             Requested size: 32.12187pt x 32.12187pt.

Overfull \hbox (171.68256pt too wide) has occurred while \output is active
  [] [][] [][][][] [][][] [][][][][][][] [][][][][][][][][] [][][][][][][][][][
][] [][] [][][][][][][][] [][] [][][][][][][][][][][][][][][][][][][][][][][][]
[]  
 []

[74

]
<figures/3000fb/Likelihood.png, id=7627, 1200.485pt x 875.27pt>
File: figures/3000fb/Likelihood.png Graphic file (type png)
<use figures/3000fb/Likelihood.png>
Package pdftex.def Info: figures/3000fb/Likelihood.png  used on input line 1334
.
(pdftex.def)             Requested size: 300.12051pt x 218.81696pt.

Overfull \vbox (7.04028pt too high) detected at line 1334
 []

File: unison-logo.png Graphic file (type png)
<use unison-logo.png>
Package pdftex.def Info: unison-logo.png  used on input line 1334.
(pdftex.def)             Requested size: 32.12187pt x 32.12187pt.

Overfull \hbox (171.68256pt too wide) has occurred while \output is active
  [] [][] [][][][] [][][] [][][][][][][] [][][][][][][][][] [][][][][][][][][][
][] [][] [][][][][][][][] [][] [][][][][][][][][][][][][][][][][][][][][][][][]
[]  
 []

[75

 <./figures/3000fb/Likelihood.png>]
\tf@nav=\write6
\openout6 = `presentacion-tesis.nav'.

\tf@toc=\write7
\openout7 = `presentacion-tesis.toc'.

\tf@snm=\write8
\openout8 = `presentacion-tesis.snm'.

Package atveryend Info: Empty hook `BeforeClearDocument' on input line 1339.
Package atveryend Info: Empty hook `AfterLastShipout' on input line 1339.
 (./presentacion-tesis.aux)
Package atveryend Info: Executing hook `AtVeryEndDocument' on input line 1339.
Package atveryend Info: Executing hook `AtEndAfterFileList' on input line 1339.

Package rerunfilecheck Info: File `presentacion-tesis.out' has not changed.
(rerunfilecheck)             Checksum: EB7B428700F902470F23158AA33E05C1;504.
 ) 
Here is how much of TeX's memory you used:
 23960 strings out of 492616
 457279 string characters out of 6135177
 593793 words of memory out of 5000000
 27133 multiletter control sequences out of 15000+600000
 88874 words of font info for 78 fonts, out of 8000000 for 9000
 1141 hyphenation exceptions out of 8191
 56i,20n,63p,812b,882s stack positions out of 5000i,500n,10000p,200000b,80000s
{/usr/share/texmf-dist/fonts/enc/dvips/lm/lm-ec.enc}{/usr/share/texmf-dist/fo
nts/enc/dvips/lm/lm-mathit.enc}{/usr/share/texmf-dist/fonts/enc/dvips/lm/lm-mat
hsy.enc}{/usr/share/texmf-dist/fonts/enc/dvips/lm/lm-rm.enc}{/usr/share/texmf-d
ist/fonts/enc/dvips/lm/lm-mathex.enc}</usr/share/texmf-dist/fonts/type1/public/
amsfonts/latxfont/line10.pfb></usr/share/texmf-dist/fonts/type1/public/lm/lmex1
0.pfb></usr/share/texmf-dist/fonts/type1/public/lm/lmmi10.pfb></usr/share/texmf
-dist/fonts/type1/public/lm/lmmi12.pfb></usr/share/texmf-dist/fonts/type1/publi
c/lm/lmmi5.pfb></usr/share/texmf-dist/fonts/type1/public/lm/lmmi6.pfb></usr/sha
re/texmf-dist/fonts/type1/public/lm/lmmi7.pfb></usr/share/texmf-dist/fonts/type
1/public/lm/lmmi8.pfb></usr/share/texmf-dist/fonts/type1/public/lm/lmmi9.pfb></
usr/share/texmf-dist/fonts/type1/public/lm/lmss10.pfb></usr/share/texmf-dist/fo
nts/type1/public/lm/lmss12.pfb></usr/share/texmf-dist/fonts/type1/public/lm/lms
s17.pfb></usr/share/texmf-dist/fonts/type1/public/lm/lmss8.pfb></usr/share/texm
f-dist/fonts/type1/public/lm/lmss9.pfb></usr/share/texmf-dist/fonts/type1/publi
c/lm/lmssbx10.pfb></usr/share/texmf-dist/fonts/type1/public/lm/lmsso10.pfb></us
r/share/texmf-dist/fonts/type1/public/lm/lmsso12.pfb></usr/share/texmf-dist/fon
ts/type1/public/lm/lmsso8.pfb></usr/share/texmf-dist/fonts/type1/public/lm/lmss
o9.pfb></usr/share/texmf-dist/fonts/type1/public/lm/lmsy10.pfb></usr/share/texm
f-dist/fonts/type1/public/lm/lmsy5.pfb></usr/share/texmf-dist/fonts/type1/publi
c/lm/lmsy6.pfb></usr/share/texmf-dist/fonts/type1/public/lm/lmsy7.pfb></usr/sha
re/texmf-dist/fonts/type1/public/lm/lmsy8.pfb></usr/share/texmf-dist/fonts/type
1/public/lm/lmsy9.pfb></usr/share/texmf-dist/fonts/type1/public/lm/lmtt10.pfb>
Output written on presentacion-tesis.pdf (75 pages, 4643999 bytes).
PDF statistics:
 7858 PDF objects out of 8907 (max. 8388607)
 7537 compressed objects within 76 object streams
 169 named destinations out of 1000 (max. 500000)
 347 words of extra memory for PDF output out of 10000 (max. 10000000)

